{"/home/travis/build/npmtest/node-npmtest-thrift/test.js":{"path":"/home/travis/build/npmtest/node-npmtest-thrift/test.js","s":{"1":2,"2":2,"3":2,"4":2,"5":2,"6":2,"7":2,"8":1,"9":2,"10":2,"11":1,"12":1,"13":1,"14":1,"15":2,"16":2,"17":2,"18":2,"19":1,"20":1,"21":2,"22":2,"23":2,"24":1,"25":1,"26":1,"27":1,"28":1,"29":1,"30":1,"31":1,"32":1,"33":1,"34":1,"35":1,"36":1,"37":1,"38":1,"39":2,"40":2,"41":1,"42":2,"43":2,"44":1,"45":2,"46":2,"47":1,"48":2,"49":2,"50":1,"51":1,"52":1,"53":1,"54":1},"b":{"1":[2,1,1,1],"2":[1,1,1,1],"3":[1,1],"4":[1,1],"5":[1,1],"6":[1,1],"7":[1,1],"8":[1,1],"9":[1,1],"10":[1,1,1],"11":[1,1],"12":[1,1],"13":[1,1],"14":[1,1],"15":[1,1],"16":[1,1],"17":[1,1]},"f":{"1":2,"2":2,"3":2,"4":2,"5":2,"6":1,"7":1,"8":1,"9":2,"10":2,"11":2,"12":2,"13":1},"fnMap":{"1":{"name":"(anonymous_1)","line":12,"loc":{"start":{"line":12,"column":1},"end":{"line":12,"column":13}}},"2":{"name":"(anonymous_2)","line":19,"loc":{"start":{"line":19,"column":5},"end":{"line":19,"column":17}}},"3":{"name":"(anonymous_3)","line":23,"loc":{"start":{"line":23,"column":24},"end":{"line":23,"column":36}}},"4":{"name":"(anonymous_4)","line":61,"loc":{"start":{"line":61,"column":5},"end":{"line":61,"column":17}}},"5":{"name":"(anonymous_5)","line":82,"loc":{"start":{"line":82,"column":5},"end":{"line":82,"column":17}}},"6":{"name":"(anonymous_6)","line":91,"loc":{"start":{"line":91,"column":77},"end":{"line":94,"column":10}}},"7":{"name":"(anonymous_7)","line":112,"loc":{"start":{"line":112,"column":83},"end":{"line":115,"column":10}},"skip":true},"8":{"name":"(anonymous_8)","line":123,"loc":{"start":{"line":123,"column":77},"end":{"line":126,"column":10}},"skip":true},"9":{"name":"(anonymous_9)","line":139,"loc":{"start":{"line":139,"column":12},"end":{"line":139,"column":40}},"skip":true},"10":{"name":"(anonymous_10)","line":147,"loc":{"start":{"line":147,"column":77},"end":{"line":150,"column":10}},"skip":true},"11":{"name":"(anonymous_11)","line":158,"loc":{"start":{"line":158,"column":83},"end":{"line":161,"column":10}},"skip":true},"12":{"name":"(anonymous_12)","line":169,"loc":{"start":{"line":169,"column":79},"end":{"line":172,"column":10}},"skip":true},"13":{"name":"(anonymous_13)","line":180,"loc":{"start":{"line":180,"column":75},"end":{"line":183,"column":10}},"skip":true}},"statementMap":{"1":{"start":{"line":12,"column":0},"end":{"line":195,"column":5}},"2":{"start":{"line":14,"column":4},"end":{"line":14,"column":14}},"3":{"start":{"line":19,"column":4},"end":{"line":56,"column":9}},"4":{"start":{"line":21,"column":8},"end":{"line":21,"column":19}},"5":{"start":{"line":23,"column":8},"end":{"line":35,"column":13}},"6":{"start":{"line":24,"column":12},"end":{"line":34,"column":13}},"7":{"start":{"line":25,"column":16},"end":{"line":28,"column":30}},"8":{"start":{"line":30,"column":16},"end":{"line":33,"column":27}},"9":{"start":{"line":37,"column":8},"end":{"line":39,"column":21}},"10":{"start":{"line":40,"column":8},"end":{"line":53,"column":9}},"11":{"start":{"line":43,"column":12},"end":{"line":46,"column":14}},"12":{"start":{"line":47,"column":12},"end":{"line":47,"column":18}},"13":{"start":{"line":50,"column":12},"end":{"line":51,"column":46}},"14":{"start":{"line":52,"column":12},"end":{"line":52,"column":18}},"15":{"start":{"line":55,"column":8},"end":{"line":55,"column":35}},"16":{"start":{"line":61,"column":4},"end":{"line":63,"column":9}},"17":{"start":{"line":62,"column":8},"end":{"line":62,"column":15}},"18":{"start":{"line":64,"column":4},"end":{"line":77,"column":5}},"19":{"start":{"line":70,"column":8},"end":{"line":70,"column":14}},"20":{"start":{"line":76,"column":8},"end":{"line":76,"column":14}},"21":{"start":{"line":82,"column":4},"end":{"line":84,"column":9}},"22":{"start":{"line":83,"column":8},"end":{"line":83,"column":15}},"23":{"start":{"line":85,"column":4},"end":{"line":194,"column":5}},"24":{"start":{"line":91,"column":8},"end":{"line":99,"column":10}},"25":{"start":{"line":98,"column":12},"end":{"line":98,"column":35}},"26":{"start":{"line":102,"column":8},"end":{"line":104,"column":63}},"27":{"start":{"line":105,"column":8},"end":{"line":105,"column":14}},"28":{"start":{"line":112,"column":8},"end":{"line":121,"column":10},"skip":true},"29":{"start":{"line":119,"column":12},"end":{"line":119,"column":55},"skip":true},"30":{"start":{"line":120,"column":12},"end":{"line":120,"column":48},"skip":true},"31":{"start":{"line":123,"column":8},"end":{"line":136,"column":10},"skip":true},"32":{"start":{"line":130,"column":12},"end":{"line":130,"column":76},"skip":true},"33":{"start":{"line":131,"column":12},"end":{"line":131,"column":73},"skip":true},"34":{"start":{"line":132,"column":12},"end":{"line":132,"column":74},"skip":true},"35":{"start":{"line":133,"column":12},"end":{"line":133,"column":79},"skip":true},"36":{"start":{"line":134,"column":12},"end":{"line":134,"column":25},"skip":true},"37":{"start":{"line":135,"column":12},"end":{"line":135,"column":45},"skip":true},"38":{"start":{"line":138,"column":8},"end":{"line":145,"column":14},"skip":true},"39":{"start":{"line":143,"column":16},"end":{"line":143,"column":29},"skip":true},"40":{"start":{"line":144,"column":16},"end":{"line":144,"column":55},"skip":true},"41":{"start":{"line":147,"column":8},"end":{"line":156,"column":10},"skip":true},"42":{"start":{"line":154,"column":12},"end":{"line":154,"column":25},"skip":true},"43":{"start":{"line":155,"column":12},"end":{"line":155,"column":45},"skip":true},"44":{"start":{"line":158,"column":8},"end":{"line":167,"column":10},"skip":true},"45":{"start":{"line":165,"column":12},"end":{"line":165,"column":25},"skip":true},"46":{"start":{"line":166,"column":12},"end":{"line":166,"column":48},"skip":true},"47":{"start":{"line":169,"column":8},"end":{"line":178,"column":10},"skip":true},"48":{"start":{"line":176,"column":12},"end":{"line":176,"column":25},"skip":true},"49":{"start":{"line":177,"column":12},"end":{"line":177,"column":46},"skip":true},"50":{"start":{"line":180,"column":8},"end":{"line":189,"column":10},"skip":true},"51":{"start":{"line":187,"column":12},"end":{"line":187,"column":94},"skip":true},"52":{"start":{"line":188,"column":12},"end":{"line":188,"column":48},"skip":true},"53":{"start":{"line":192,"column":8},"end":{"line":192,"column":35},"skip":true},"54":{"start":{"line":193,"column":8},"end":{"line":193,"column":14},"skip":true}},"branchMap":{"1":{"line":25,"type":"binary-expr","locations":[{"start":{"line":25,"column":23},"end":{"line":25,"column":62}},{"start":{"line":26,"column":20},"end":{"line":26,"column":70}},{"start":{"line":27,"column":20},"end":{"line":27,"column":71}},{"start":{"line":28,"column":20},"end":{"line":28,"column":29}}]},"2":{"line":30,"type":"binary-expr","locations":[{"start":{"line":30,"column":23},"end":{"line":30,"column":37}},{"start":{"line":31,"column":20},"end":{"line":31,"column":61}},{"start":{"line":32,"column":20},"end":{"line":32,"column":70}},{"start":{"line":33,"column":20},"end":{"line":33,"column":26}}]},"3":{"line":37,"type":"cond-expr","locations":[{"start":{"line":38,"column":14},"end":{"line":38,"column":20}},{"start":{"line":39,"column":14},"end":{"line":39,"column":20}}]},"4":{"line":40,"type":"switch","locations":[{"start":{"line":42,"column":8},"end":{"line":47,"column":18}},{"start":{"line":49,"column":8},"end":{"line":52,"column":18}}]},"5":{"line":44,"type":"binary-expr","locations":[{"start":{"line":44,"column":16},"end":{"line":44,"column":44}},{"start":{"line":44,"column":48},"end":{"line":44,"column":66}}]},"6":{"line":50,"type":"binary-expr","locations":[{"start":{"line":50,"column":21},"end":{"line":50,"column":49}},{"start":{"line":50,"column":53},"end":{"line":50,"column":72}}]},"7":{"line":64,"type":"switch","locations":[{"start":{"line":69,"column":4},"end":{"line":70,"column":14}},{"start":{"line":75,"column":4},"end":{"line":76,"column":14}}]},"8":{"line":85,"type":"switch","locations":[{"start":{"line":90,"column":4},"end":{"line":105,"column":14}},{"start":{"line":111,"column":4},"end":{"line":193,"column":14},"skip":true}]},"9":{"line":91,"type":"binary-expr","locations":[{"start":{"line":91,"column":42},"end":{"line":91,"column":73}},{"start":{"line":91,"column":77},"end":{"line":99,"column":9}}]},"10":{"line":102,"type":"binary-expr","locations":[{"start":{"line":102,"column":18},"end":{"line":102,"column":32}},{"start":{"line":103,"column":12},"end":{"line":103,"column":53}},{"start":{"line":104,"column":12},"end":{"line":104,"column":61}}]},"11":{"line":112,"type":"binary-expr","locations":[{"start":{"line":112,"column":45},"end":{"line":112,"column":79},"skip":true},{"start":{"line":112,"column":83},"end":{"line":121,"column":9},"skip":true}]},"12":{"line":123,"type":"binary-expr","locations":[{"start":{"line":123,"column":42},"end":{"line":123,"column":73},"skip":true},{"start":{"line":123,"column":77},"end":{"line":136,"column":9},"skip":true}]},"13":{"line":138,"type":"binary-expr","locations":[{"start":{"line":138,"column":48},"end":{"line":138,"column":85},"skip":true},{"start":{"line":139,"column":12},"end":{"line":145,"column":13},"skip":true}]},"14":{"line":147,"type":"binary-expr","locations":[{"start":{"line":147,"column":42},"end":{"line":147,"column":73},"skip":true},{"start":{"line":147,"column":77},"end":{"line":156,"column":9},"skip":true}]},"15":{"line":158,"type":"binary-expr","locations":[{"start":{"line":158,"column":45},"end":{"line":158,"column":79},"skip":true},{"start":{"line":158,"column":83},"end":{"line":167,"column":9},"skip":true}]},"16":{"line":169,"type":"binary-expr","locations":[{"start":{"line":169,"column":43},"end":{"line":169,"column":75},"skip":true},{"start":{"line":169,"column":79},"end":{"line":178,"column":9},"skip":true}]},"17":{"line":180,"type":"binary-expr","locations":[{"start":{"line":180,"column":41},"end":{"line":180,"column":71},"skip":true},{"start":{"line":180,"column":75},"end":{"line":189,"column":9},"skip":true}]}},"code":["/* istanbul instrument in package npmtest_thrift */","/*jslint","    bitwise: true,","    browser: true,","    maxerr: 8,","    maxlen: 96,","    node: true,","    nomen: true,","    regexp: true,","    stupid: true","*/","(function () {","    'use strict';","    var local;","","","","    // run shared js-env code - pre-init","    (function () {","        // init local","        local = {};","        // init modeJs","        local.modeJs = (function () {","            try {","                return typeof navigator.userAgent === 'string' &&","                    typeof document.querySelector('body') === 'object' &&","                    typeof XMLHttpRequest.prototype.open === 'function' &&","                    'browser';","            } catch (errorCaughtBrowser) {","                return module.exports &&","                    typeof process.versions.node === 'string' &&","                    typeof require('http').createServer === 'function' &&","                    'node';","            }","        }());","        // init global","        local.global = local.modeJs === 'browser'","            ? window","            : global;","        switch (local.modeJs) {","        // re-init local from window.local","        case 'browser':","            local = local.global.utility2.objectSetDefault(","                local.global.utility2_rollup || local.global.local,","                local.global.utility2","            );","            break;","        // re-init local from example.js","        case 'node':","            local = (local.global.utility2_rollup || require('utility2'))","                .requireExampleJsFromReadme();","            break;","        }","        // export local","        local.global.local = local;","    }());","","","","    // run shared js-env code - function","    (function () {","        return;","    }());","    switch (local.modeJs) {","","","","    // run browser js-env code - function","    case 'browser':","        break;","","","","    // run node js-env code - function","    case 'node':","        break;","    }","","","","    // run shared js-env code - post-init","    (function () {","        return;","    }());","    switch (local.modeJs) {","","","","    // run browser js-env code - post-init","    case 'browser':","        local.testCase_browser_nullCase = local.testCase_browser_nullCase || function (","            options,","            onError","        ) {","        /*","         * this function will test browsers's null-case handling-behavior-behavior","         */","            onError(null, options);","        };","","        // run tests","        local.nop(local.modeTest &&","            document.querySelector('#testRunButton1') &&","            document.querySelector('#testRunButton1').click());","        break;","","","","    // run node js-env code - post-init","    /* istanbul ignore next */","    case 'node':","        local.testCase_buildApidoc_default = local.testCase_buildApidoc_default || function (","            options,","            onError","        ) {","        /*","         * this function will test buildApidoc's default handling-behavior-behavior","         */","            options = { modulePathList: module.paths };","            local.buildApidoc(options, onError);","        };","","        local.testCase_buildApp_default = local.testCase_buildApp_default || function (","            options,","            onError","        ) {","        /*","         * this function will test buildApp's default handling-behavior-behavior","         */","            local.testCase_buildReadme_default(options, local.onErrorThrow);","            local.testCase_buildLib_default(options, local.onErrorThrow);","            local.testCase_buildTest_default(options, local.onErrorThrow);","            local.testCase_buildCustomOrg_default(options, local.onErrorThrow);","            options = [];","            local.buildApp(options, onError);","        };","","        local.testCase_buildCustomOrg_default = local.testCase_buildCustomOrg_default ||","            function (options, onError) {","            /*","             * this function will test buildCustomOrg's default handling-behavior","             */","                options = {};","                local.buildCustomOrg(options, onError);","            };","","        local.testCase_buildLib_default = local.testCase_buildLib_default || function (","            options,","            onError","        ) {","        /*","         * this function will test buildLib's default handling-behavior","         */","            options = {};","            local.buildLib(options, onError);","        };","","        local.testCase_buildReadme_default = local.testCase_buildReadme_default || function (","            options,","            onError","        ) {","        /*","         * this function will test buildReadme's default handling-behavior-behavior","         */","            options = {};","            local.buildReadme(options, onError);","        };","","        local.testCase_buildTest_default = local.testCase_buildTest_default || function (","            options,","            onError","        ) {","        /*","         * this function will test buildTest's default handling-behavior","         */","            options = {};","            local.buildTest(options, onError);","        };","","        local.testCase_webpage_default = local.testCase_webpage_default || function (","            options,","            onError","        ) {","        /*","         * this function will test webpage's default handling-behavior","         */","            options = { modeCoverageMerge: true, url: local.serverLocalHost + '?modeTest=1' };","            local.browserTest(options, onError);","        };","","        // run test-server","        local.testRunServer(local);","        break;","    }","}());",""],"l":{"12":2,"14":2,"19":2,"21":2,"23":2,"24":2,"25":2,"30":1,"37":2,"40":2,"43":1,"47":1,"50":1,"52":1,"55":2,"61":2,"62":2,"64":2,"70":1,"76":1,"82":2,"83":2,"85":2,"91":1,"98":1,"102":1,"105":1,"112":1,"119":1,"120":1,"123":1,"130":1,"131":1,"132":1,"133":1,"134":1,"135":1,"138":1,"143":2,"144":2,"147":1,"154":2,"155":2,"158":1,"165":2,"166":2,"169":1,"176":2,"177":2,"180":1,"187":1,"188":1,"192":1,"193":1}},"/home/travis/build/npmtest/node-npmtest-thrift/lib.npmtest_thrift.js":{"path":"/home/travis/build/npmtest/node-npmtest-thrift/lib.npmtest_thrift.js","s":{"1":2,"2":2,"3":2,"4":2,"5":2,"6":2,"7":2,"8":1,"9":2,"10":2,"11":2,"12":2,"13":1,"14":1,"15":1,"16":1},"b":{"1":[2,1,1,1],"2":[1,1,1,1],"3":[1,1],"4":[2,2],"5":[1,1]},"f":{"1":2,"2":2,"3":2},"fnMap":{"1":{"name":"(anonymous_1)","line":12,"loc":{"start":{"line":12,"column":1},"end":{"line":12,"column":13}}},"2":{"name":"(anonymous_2)","line":19,"loc":{"start":{"line":19,"column":5},"end":{"line":19,"column":17}}},"3":{"name":"(anonymous_3)","line":23,"loc":{"start":{"line":23,"column":24},"end":{"line":23,"column":36}}}},"statementMap":{"1":{"start":{"line":12,"column":0},"end":{"line":53,"column":5}},"2":{"start":{"line":14,"column":4},"end":{"line":14,"column":14}},"3":{"start":{"line":19,"column":4},"end":{"line":52,"column":9}},"4":{"start":{"line":21,"column":8},"end":{"line":21,"column":19}},"5":{"start":{"line":23,"column":8},"end":{"line":35,"column":13}},"6":{"start":{"line":24,"column":12},"end":{"line":34,"column":13}},"7":{"start":{"line":25,"column":16},"end":{"line":28,"column":30}},"8":{"start":{"line":30,"column":16},"end":{"line":33,"column":27}},"9":{"start":{"line":37,"column":8},"end":{"line":39,"column":21}},"10":{"start":{"line":41,"column":8},"end":{"line":41,"column":54}},"11":{"start":{"line":43,"column":8},"end":{"line":43,"column":51}},"12":{"start":{"line":45,"column":8},"end":{"line":51,"column":9}},"13":{"start":{"line":46,"column":12},"end":{"line":46,"column":57}},"14":{"start":{"line":48,"column":12},"end":{"line":48,"column":35}},"15":{"start":{"line":49,"column":12},"end":{"line":49,"column":49}},"16":{"start":{"line":50,"column":12},"end":{"line":50,"column":43}}},"branchMap":{"1":{"line":25,"type":"binary-expr","locations":[{"start":{"line":25,"column":23},"end":{"line":25,"column":62}},{"start":{"line":26,"column":20},"end":{"line":26,"column":70}},{"start":{"line":27,"column":20},"end":{"line":27,"column":71}},{"start":{"line":28,"column":20},"end":{"line":28,"column":29}}]},"2":{"line":30,"type":"binary-expr","locations":[{"start":{"line":30,"column":23},"end":{"line":30,"column":37}},{"start":{"line":31,"column":20},"end":{"line":31,"column":61}},{"start":{"line":32,"column":20},"end":{"line":32,"column":70}},{"start":{"line":33,"column":20},"end":{"line":33,"column":26}}]},"3":{"line":37,"type":"cond-expr","locations":[{"start":{"line":38,"column":14},"end":{"line":38,"column":20}},{"start":{"line":39,"column":14},"end":{"line":39,"column":20}}]},"4":{"line":41,"type":"binary-expr","locations":[{"start":{"line":41,"column":16},"end":{"line":41,"column":44}},{"start":{"line":41,"column":48},"end":{"line":41,"column":53}}]},"5":{"line":45,"type":"if","locations":[{"start":{"line":45,"column":8},"end":{"line":45,"column":8}},{"start":{"line":45,"column":8},"end":{"line":45,"column":8}}]}},"code":["/* istanbul instrument in package npmtest_thrift */","/*jslint","    bitwise: true,","    browser: true,","    maxerr: 8,","    maxlen: 96,","    node: true,","    nomen: true,","    regexp: true,","    stupid: true","*/","(function () {","    'use strict';","    var local;","","","","    // run shared js-env code - pre-init","    (function () {","        // init local","        local = {};","        // init modeJs","        local.modeJs = (function () {","            try {","                return typeof navigator.userAgent === 'string' &&","                    typeof document.querySelector('body') === 'object' &&","                    typeof XMLHttpRequest.prototype.open === 'function' &&","                    'browser';","            } catch (errorCaughtBrowser) {","                return module.exports &&","                    typeof process.versions.node === 'string' &&","                    typeof require('http').createServer === 'function' &&","                    'node';","            }","        }());","        // init global","        local.global = local.modeJs === 'browser'","            ? window","            : global;","        // init utility2_rollup","        local = local.global.utility2_rollup || local;","        // init lib","        local.local = local.npmtest_thrift = local;","        // init exports","        if (local.modeJs === 'browser') {","            local.global.utility2_npmtest_thrift = local;","        } else {","            module.exports = local;","            module.exports.__dirname = __dirname;","            module.exports.module = module;","        }","    }());","}());",""],"l":{"12":2,"14":2,"19":2,"21":2,"23":2,"24":2,"25":2,"30":1,"37":2,"41":2,"43":2,"45":2,"46":1,"48":1,"49":1,"50":1}},"/home/travis/build/npmtest/node-npmtest-thrift/example.js":{"path":"/home/travis/build/npmtest/node-npmtest-thrift/example.js","s":{"1":2,"2":2,"3":2,"4":2,"5":2,"6":2,"7":2,"8":1,"9":2,"10":2,"11":2,"12":2,"13":1,"14":2,"15":2,"16":2,"17":2,"18":2,"19":0,"20":2,"21":1,"22":1,"23":1,"24":1,"25":1,"26":0,"27":0,"28":1,"29":1,"30":2,"31":0,"32":0,"33":0,"34":1,"35":2,"36":2,"37":3,"38":3,"39":3,"40":3,"41":0,"42":3,"43":3,"44":3,"45":1,"46":3,"47":1,"48":1,"49":1,"50":1,"51":1,"52":1,"53":1,"54":1,"55":1,"56":1,"57":0,"58":1,"59":6,"60":6,"61":1,"62":2,"63":0,"64":2,"65":1,"66":1,"67":0,"68":0,"69":0,"70":0,"71":0,"72":0,"73":0,"74":0,"75":0,"76":0,"77":0,"78":0,"79":0,"80":0,"81":0,"82":0,"83":0},"b":{"1":[2,1,1,1],"2":[1,1,1,1],"3":[1,1],"4":[2,2],"5":[1,1],"6":[1,1],"7":[2,0],"8":[2,1,1,1,1,1],"9":[0,2,0],"10":[1,1],"11":[2,1,1],"12":[1,0],"13":[0,2],"14":[2,0,0,0,0,0,0],"15":[0,3],"16":[3,0],"17":[1,1],"18":[0,1],"19":[1,2,0,2],"20":[1,0],"21":[1,1],"22":[0,0],"23":[0,0],"24":[0,0],"25":[0,0],"26":[0,0],"27":[0,0],"28":[0,0]},"f":{"1":2,"2":2,"3":2,"4":2,"5":2,"6":2,"7":3,"8":3,"9":3,"10":1,"11":6,"12":0},"fnMap":{"1":{"name":"(anonymous_1)","line":26,"loc":{"start":{"line":26,"column":1},"end":{"line":26,"column":13}}},"2":{"name":"(anonymous_2)","line":33,"loc":{"start":{"line":33,"column":5},"end":{"line":33,"column":17}}},"3":{"name":"(anonymous_3)","line":37,"loc":{"start":{"line":37,"column":24},"end":{"line":37,"column":36}}},"4":{"name":"(anonymous_4)","line":69,"loc":{"start":{"line":69,"column":31},"end":{"line":69,"column":48}},"skip":true},"5":{"name":"(anonymous_5)","line":78,"loc":{"start":{"line":78,"column":26},"end":{"line":78,"column":45}},"skip":true},"6":{"name":"(anonymous_6)","line":123,"loc":{"start":{"line":123,"column":33},"end":{"line":123,"column":48}},"skip":true},"7":{"name":"(anonymous_7)","line":125,"loc":{"start":{"line":125,"column":27},"end":{"line":125,"column":39}},"skip":true},"8":{"name":"(anonymous_8)","line":133,"loc":{"start":{"line":133,"column":59},"end":{"line":133,"column":74}},"skip":true},"9":{"name":"(anonymous_9)","line":143,"loc":{"start":{"line":143,"column":45},"end":{"line":143,"column":62}},"skip":true},"10":{"name":"(anonymous_10)","line":144,"loc":{"start":{"line":144,"column":73},"end":{"line":144,"column":92}},"skip":true},"11":{"name":"(anonymous_11)","line":272,"loc":{"start":{"line":272,"column":51},"end":{"line":272,"column":77}},"skip":true},"12":{"name":"(anonymous_12)","line":315,"loc":{"start":{"line":315,"column":32},"end":{"line":315,"column":61}},"skip":true}},"statementMap":{"1":{"start":{"line":26,"column":0},"end":{"line":326,"column":5}},"2":{"start":{"line":28,"column":4},"end":{"line":28,"column":14}},"3":{"start":{"line":33,"column":4},"end":{"line":60,"column":9}},"4":{"start":{"line":35,"column":8},"end":{"line":35,"column":19}},"5":{"start":{"line":37,"column":8},"end":{"line":49,"column":13}},"6":{"start":{"line":38,"column":12},"end":{"line":48,"column":13}},"7":{"start":{"line":39,"column":16},"end":{"line":42,"column":30}},"8":{"start":{"line":44,"column":16},"end":{"line":47,"column":27}},"9":{"start":{"line":51,"column":8},"end":{"line":53,"column":21}},"10":{"start":{"line":55,"column":8},"end":{"line":57,"column":45}},"11":{"start":{"line":59,"column":8},"end":{"line":59,"column":35}},"12":{"start":{"line":61,"column":4},"end":{"line":325,"column":5}},"13":{"start":{"line":69,"column":8},"end":{"line":121,"column":10},"skip":true},"14":{"start":{"line":70,"column":12},"end":{"line":88,"column":13},"skip":true},"15":{"start":{"line":76,"column":16},"end":{"line":87,"column":19},"skip":true},"16":{"start":{"line":79,"column":20},"end":{"line":86,"column":21},"skip":true},"17":{"start":{"line":82,"column":24},"end":{"line":82,"column":43},"skip":true},"18":{"start":{"line":83,"column":24},"end":{"line":83,"column":30},"skip":true},"19":{"start":{"line":85,"column":24},"end":{"line":85,"column":49},"skip":true},"20":{"start":{"line":89,"column":12},"end":{"line":107,"column":13},"skip":true},"21":{"start":{"line":92,"column":16},"end":{"line":102,"column":17},"skip":true},"22":{"start":{"line":93,"column":20},"end":{"line":93,"column":86},"skip":true},"23":{"start":{"line":94,"column":20},"end":{"line":95,"column":45},"skip":true},"24":{"start":{"line":96,"column":20},"end":{"line":96,"column":42},"skip":true},"25":{"start":{"line":97,"column":20},"end":{"line":97,"column":48},"skip":true},"26":{"start":{"line":100,"column":20},"end":{"line":100,"column":85},"skip":true},"27":{"start":{"line":101,"column":20},"end":{"line":101,"column":96},"skip":true},"28":{"start":{"line":103,"column":16},"end":{"line":103,"column":22},"skip":true},"29":{"start":{"line":106,"column":16},"end":{"line":106,"column":22},"skip":true},"30":{"start":{"line":108,"column":12},"end":{"line":120,"column":13},"skip":true},"31":{"start":{"line":114,"column":16},"end":{"line":119,"column":17},"skip":true},"32":{"start":{"line":116,"column":20},"end":{"line":116,"column":78},"skip":true},"33":{"start":{"line":118,"column":20},"end":{"line":118,"column":47},"skip":true},"34":{"start":{"line":123,"column":8},"end":{"line":141,"column":11},"skip":true},"35":{"start":{"line":124,"column":12},"end":{"line":124,"column":54},"skip":true},"36":{"start":{"line":125,"column":12},"end":{"line":140,"column":14},"skip":true},"37":{"start":{"line":126,"column":16},"end":{"line":126,"column":28},"skip":true},"38":{"start":{"line":127,"column":16},"end":{"line":127,"column":69},"skip":true},"39":{"start":{"line":128,"column":16},"end":{"line":128,"column":75},"skip":true},"40":{"start":{"line":129,"column":16},"end":{"line":131,"column":17},"skip":true},"41":{"start":{"line":130,"column":20},"end":{"line":130,"column":27},"skip":true},"42":{"start":{"line":133,"column":16},"end":{"line":137,"column":36},"skip":true},"43":{"start":{"line":134,"column":20},"end":{"line":136,"column":55},"skip":true},"44":{"start":{"line":139,"column":16},"end":{"line":139,"column":57},"skip":true},"45":{"start":{"line":143,"column":8},"end":{"line":147,"column":11},"skip":true},"46":{"start":{"line":144,"column":12},"end":{"line":146,"column":15},"skip":true},"47":{"start":{"line":145,"column":16},"end":{"line":145,"column":70},"skip":true},"48":{"start":{"line":149,"column":8},"end":{"line":149,"column":31},"skip":true},"49":{"start":{"line":150,"column":8},"end":{"line":150,"column":14},"skip":true},"50":{"start":{"line":158,"column":8},"end":{"line":158,"column":31},"skip":true},"51":{"start":{"line":160,"column":8},"end":{"line":160,"column":33},"skip":true},"52":{"start":{"line":161,"column":8},"end":{"line":161,"column":37},"skip":true},"53":{"start":{"line":162,"column":8},"end":{"line":162,"column":35},"skip":true},"54":{"start":{"line":164,"column":8},"end":{"line":164,"column":50},"skip":true},"55":{"start":{"line":166,"column":8},"end":{"line":256,"column":2},"skip":true},"56":{"start":{"line":258,"column":8},"end":{"line":286,"column":9},"skip":true},"57":{"start":{"line":259,"column":12},"end":{"line":269,"column":14},"skip":true},"58":{"start":{"line":271,"column":12},"end":{"line":285,"column":19},"skip":true},"59":{"start":{"line":274,"column":20},"end":{"line":274,"column":35},"skip":true},"60":{"start":{"line":275,"column":20},"end":{"line":284,"column":21},"skip":true},"61":{"start":{"line":277,"column":24},"end":{"line":277,"column":64},"skip":true},"62":{"start":{"line":279,"column":24},"end":{"line":279,"column":40},"skip":true},"63":{"start":{"line":281,"column":24},"end":{"line":281,"column":40},"skip":true},"64":{"start":{"line":283,"column":24},"end":{"line":283,"column":39},"skip":true},"65":{"start":{"line":288,"column":8},"end":{"line":290,"column":9},"skip":true},"66":{"start":{"line":289,"column":12},"end":{"line":289,"column":18},"skip":true},"67":{"start":{"line":291,"column":8},"end":{"line":293,"column":54},"skip":true},"68":{"start":{"line":296,"column":8},"end":{"line":301,"column":37},"skip":true},"69":{"start":{"line":303,"column":8},"end":{"line":303,"column":82},"skip":true},"70":{"start":{"line":306,"column":8},"end":{"line":308,"column":9},"skip":true},"71":{"start":{"line":307,"column":12},"end":{"line":307,"column":82},"skip":true},"72":{"start":{"line":310,"column":8},"end":{"line":312,"column":9},"skip":true},"73":{"start":{"line":311,"column":12},"end":{"line":311,"column":18},"skip":true},"74":{"start":{"line":313,"column":8},"end":{"line":313,"column":54},"skip":true},"75":{"start":{"line":314,"column":8},"end":{"line":314,"column":69},"skip":true},"76":{"start":{"line":315,"column":8},"end":{"line":323,"column":36},"skip":true},"77":{"start":{"line":316,"column":12},"end":{"line":316,"column":61},"skip":true},"78":{"start":{"line":317,"column":12},"end":{"line":320,"column":13},"skip":true},"79":{"start":{"line":318,"column":16},"end":{"line":318,"column":75},"skip":true},"80":{"start":{"line":319,"column":16},"end":{"line":319,"column":23},"skip":true},"81":{"start":{"line":321,"column":12},"end":{"line":321,"column":38},"skip":true},"82":{"start":{"line":322,"column":12},"end":{"line":322,"column":27},"skip":true},"83":{"start":{"line":324,"column":8},"end":{"line":324,"column":14},"skip":true}},"branchMap":{"1":{"line":39,"type":"binary-expr","locations":[{"start":{"line":39,"column":23},"end":{"line":39,"column":62}},{"start":{"line":40,"column":20},"end":{"line":40,"column":70}},{"start":{"line":41,"column":20},"end":{"line":41,"column":71}},{"start":{"line":42,"column":20},"end":{"line":42,"column":29}}]},"2":{"line":44,"type":"binary-expr","locations":[{"start":{"line":44,"column":23},"end":{"line":44,"column":37}},{"start":{"line":45,"column":20},"end":{"line":45,"column":61}},{"start":{"line":46,"column":20},"end":{"line":46,"column":70}},{"start":{"line":47,"column":20},"end":{"line":47,"column":26}}]},"3":{"line":51,"type":"cond-expr","locations":[{"start":{"line":52,"column":14},"end":{"line":52,"column":20}},{"start":{"line":53,"column":14},"end":{"line":53,"column":20}}]},"4":{"line":55,"type":"binary-expr","locations":[{"start":{"line":55,"column":16},"end":{"line":55,"column":44}},{"start":{"line":55,"column":49},"end":{"line":57,"column":43}}]},"5":{"line":55,"type":"cond-expr","locations":[{"start":{"line":56,"column":14},"end":{"line":56,"column":50}},{"start":{"line":57,"column":14},"end":{"line":57,"column":43}}]},"6":{"line":61,"type":"switch","locations":[{"start":{"line":68,"column":4},"end":{"line":150,"column":14},"skip":true},{"start":{"line":156,"column":4},"end":{"line":324,"column":14},"skip":true}]},"7":{"line":70,"type":"if","locations":[{"start":{"line":70,"column":12},"end":{"line":70,"column":12},"skip":true},{"start":{"line":70,"column":12},"end":{"line":70,"column":12},"skip":true}]},"8":{"line":70,"type":"binary-expr","locations":[{"start":{"line":70,"column":16},"end":{"line":70,"column":22},"skip":true},{"start":{"line":70,"column":27},"end":{"line":70,"column":32},"skip":true},{"start":{"line":71,"column":20},"end":{"line":71,"column":39},"skip":true},{"start":{"line":72,"column":20},"end":{"line":72,"column":49},"skip":true},{"start":{"line":73,"column":20},"end":{"line":73,"column":58},"skip":true},{"start":{"line":74,"column":20},"end":{"line":74,"column":69},"skip":true}]},"9":{"line":79,"type":"switch","locations":[{"start":{"line":80,"column":20},"end":{"line":80,"column":33},"skip":true},{"start":{"line":81,"column":20},"end":{"line":83,"column":30},"skip":true},{"start":{"line":84,"column":20},"end":{"line":85,"column":49},"skip":true}]},"10":{"line":89,"type":"switch","locations":[{"start":{"line":90,"column":12},"end":{"line":103,"column":22},"skip":true},{"start":{"line":105,"column":12},"end":{"line":106,"column":22},"skip":true}]},"11":{"line":89,"type":"binary-expr","locations":[{"start":{"line":89,"column":20},"end":{"line":89,"column":25},"skip":true},{"start":{"line":89,"column":29},"end":{"line":89,"column":48},"skip":true},{"start":{"line":89,"column":52},"end":{"line":89,"column":74},"skip":true}]},"12":{"line":92,"type":"if","locations":[{"start":{"line":92,"column":16},"end":{"line":92,"column":16},"skip":true},{"start":{"line":92,"column":16},"end":{"line":92,"column":16},"skip":true}]},"13":{"line":108,"type":"if","locations":[{"start":{"line":108,"column":12},"end":{"line":108,"column":12},"skip":true},{"start":{"line":108,"column":12},"end":{"line":108,"column":12},"skip":true}]},"14":{"line":108,"type":"binary-expr","locations":[{"start":{"line":108,"column":16},"end":{"line":108,"column":61},"skip":true},{"start":{"line":108,"column":66},"end":{"line":108,"column":72},"skip":true},{"start":{"line":108,"column":77},"end":{"line":108,"column":82},"skip":true},{"start":{"line":109,"column":20},"end":{"line":109,"column":39},"skip":true},{"start":{"line":110,"column":20},"end":{"line":110,"column":49},"skip":true},{"start":{"line":111,"column":20},"end":{"line":111,"column":58},"skip":true},{"start":{"line":112,"column":20},"end":{"line":112,"column":68},"skip":true}]},"15":{"line":129,"type":"if","locations":[{"start":{"line":129,"column":16},"end":{"line":129,"column":16},"skip":true},{"start":{"line":129,"column":16},"end":{"line":129,"column":16},"skip":true}]},"16":{"line":134,"type":"cond-expr","locations":[{"start":{"line":135,"column":26},"end":{"line":135,"column":29},"skip":true},{"start":{"line":136,"column":26},"end":{"line":136,"column":54},"skip":true}]},"17":{"line":164,"type":"binary-expr","locations":[{"start":{"line":164,"column":27},"end":{"line":164,"column":43},"skip":true},{"start":{"line":164,"column":47},"end":{"line":164,"column":49},"skip":true}]},"18":{"line":258,"type":"if","locations":[{"start":{"line":258,"column":8},"end":{"line":258,"column":8},"skip":true},{"start":{"line":258,"column":8},"end":{"line":258,"column":8},"skip":true}]},"19":{"line":275,"type":"switch","locations":[{"start":{"line":276,"column":20},"end":{"line":277,"column":64},"skip":true},{"start":{"line":278,"column":20},"end":{"line":279,"column":40},"skip":true},{"start":{"line":280,"column":20},"end":{"line":281,"column":40},"skip":true},{"start":{"line":282,"column":20},"end":{"line":283,"column":39},"skip":true}]},"20":{"line":288,"type":"if","locations":[{"start":{"line":288,"column":8},"end":{"line":288,"column":8},"skip":true},{"start":{"line":288,"column":8},"end":{"line":288,"column":8},"skip":true}]},"21":{"line":288,"type":"binary-expr","locations":[{"start":{"line":288,"column":12},"end":{"line":288,"column":40},"skip":true},{"start":{"line":288,"column":44},"end":{"line":288,"column":67},"skip":true}]},"22":{"line":292,"type":"binary-expr","locations":[{"start":{"line":292,"column":12},"end":{"line":292,"column":50},"skip":true},{"start":{"line":293,"column":12},"end":{"line":293,"column":53},"skip":true}]},"23":{"line":297,"type":"binary-expr","locations":[{"start":{"line":297,"column":12},"end":{"line":297,"column":64},"skip":true},{"start":{"line":298,"column":12},"end":{"line":301,"column":36},"skip":true}]},"24":{"line":303,"type":"binary-expr","locations":[{"start":{"line":303,"column":43},"end":{"line":303,"column":75},"skip":true},{"start":{"line":303,"column":79},"end":{"line":303,"column":81},"skip":true}]},"25":{"line":306,"type":"if","locations":[{"start":{"line":306,"column":8},"end":{"line":306,"column":8},"skip":true},{"start":{"line":306,"column":8},"end":{"line":306,"column":8},"skip":true}]},"26":{"line":310,"type":"if","locations":[{"start":{"line":310,"column":8},"end":{"line":310,"column":8},"skip":true},{"start":{"line":310,"column":8},"end":{"line":310,"column":8},"skip":true}]},"27":{"line":313,"type":"binary-expr","locations":[{"start":{"line":313,"column":27},"end":{"line":313,"column":43},"skip":true},{"start":{"line":313,"column":47},"end":{"line":313,"column":53},"skip":true}]},"28":{"line":317,"type":"if","locations":[{"start":{"line":317,"column":12},"end":{"line":317,"column":12},"skip":true},{"start":{"line":317,"column":12},"end":{"line":317,"column":12},"skip":true}]}},"code":["/*","example.js","","quickstart example","","instruction","    1. save this script as example.js","    2. run the shell command:","        $ npm install npmtest-thrift && PORT=8081 node example.js","    3. play with the browser-demo on http://127.0.0.1:8081","*/","","","","/* istanbul instrument in package npmtest_thrift */","/*jslint","    bitwise: true,","    browser: true,","    maxerr: 8,","    maxlen: 96,","    node: true,","    nomen: true,","    regexp: true,","    stupid: true","*/","(function () {","    'use strict';","    var local;","","","","    // run shared js-env code - pre-init","    (function () {","        // init local","        local = {};","        // init modeJs","        local.modeJs = (function () {","            try {","                return typeof navigator.userAgent === 'string' &&","                    typeof document.querySelector('body') === 'object' &&","                    typeof XMLHttpRequest.prototype.open === 'function' &&","                    'browser';","            } catch (errorCaughtBrowser) {","                return module.exports &&","                    typeof process.versions.node === 'string' &&","                    typeof require('http').createServer === 'function' &&","                    'node';","            }","        }());","        // init global","        local.global = local.modeJs === 'browser'","            ? window","            : global;","        // init utility2_rollup","        local = local.global.utility2_rollup || (local.modeJs === 'browser'","            ? local.global.utility2_npmtest_thrift","            : global.utility2_moduleExports);","        // export local","        local.global.local = local;","    }());","    switch (local.modeJs) {","","","","    // post-init","    // run browser js-env code - post-init","    /* istanbul ignore next */","    case 'browser':","        local.testRunBrowser = function (event) {","            if (!event || (event &&","                    event.currentTarget &&","                    event.currentTarget.className &&","                    event.currentTarget.className.includes &&","                    event.currentTarget.className.includes('onreset'))) {","                // reset output","                Array.from(","                    document.querySelectorAll('body > .resettable')","                ).forEach(function (element) {","                    switch (element.tagName) {","                    case 'INPUT':","                    case 'TEXTAREA':","                        element.value = '';","                        break;","                    default:","                        element.textContent = '';","                    }","                });","            }","            switch (event && event.currentTarget && event.currentTarget.id) {","            case 'testRunButton1':","                // show tests","                if (document.querySelector('#testReportDiv1').style.display === 'none') {","                    document.querySelector('#testReportDiv1').style.display = 'block';","                    document.querySelector('#testRunButton1').textContent =","                        'hide internal test';","                    local.modeTest = true;","                    local.testRunDefault(local);","                // hide tests","                } else {","                    document.querySelector('#testReportDiv1').style.display = 'none';","                    document.querySelector('#testRunButton1').textContent = 'run internal test';","                }","                break;","            // custom-case","            default:","                break;","            }","            if (document.querySelector('#inputTextareaEval1') && (!event || (event &&","                    event.currentTarget &&","                    event.currentTarget.className &&","                    event.currentTarget.className.includes &&","                    event.currentTarget.className.includes('oneval')))) {","                // try to eval input-code","                try {","                    /*jslint evil: true*/","                    eval(document.querySelector('#inputTextareaEval1').value);","                } catch (errorCaught) {","                    console.error(errorCaught);","                }","            }","        };","        // log stderr and stdout to #outputTextareaStdout1","        ['error', 'log'].forEach(function (key) {","            console[key + '_original'] = console[key];","            console[key] = function () {","                var element;","                console[key + '_original'].apply(console, arguments);","                element = document.querySelector('#outputTextareaStdout1');","                if (!element) {","                    return;","                }","                // append text to #outputTextareaStdout1","                element.value += Array.from(arguments).map(function (arg) {","                    return typeof arg === 'string'","                        ? arg","                        : JSON.stringify(arg, null, 4);","                }).join(' ') + '\\n';","                // scroll textarea to bottom","                element.scrollTop = element.scrollHeight;","            };","        });","        // init event-handling","        ['change', 'click', 'keyup'].forEach(function (event) {","            Array.from(document.querySelectorAll('.on' + event)).forEach(function (element) {","                element.addEventListener(event, local.testRunBrowser);","            });","        });","        // run tests","        local.testRunBrowser();","        break;","","","","    // run node js-env code - post-init","    /* istanbul ignore next */","    case 'node':","        // export local","        module.exports = local;","        // require modules","        local.fs = require('fs');","        local.http = require('http');","        local.url = require('url');","        // init assets","        local.assetsDict = local.assetsDict || {};","        /* jslint-ignore-begin */","        local.assetsDict['/assets.index.template.html'] = '\\","<!doctype html>\\n\\","<html lang=\"en\">\\n\\","<head>\\n\\","<meta charset=\"UTF-8\">\\n\\","<meta name=\"viewport\" content=\"width=device-width, initial-scale=1\">\\n\\","<title>{{env.npm_package_name}} (v{{env.npm_package_version}})</title>\\n\\","<style>\\n\\","/*csslint\\n\\","    box-sizing: false,\\n\\","    universal-selector: false\\n\\","*/\\n\\","* {\\n\\","    box-sizing: border-box;\\n\\","}\\n\\","body {\\n\\","    background: #dde;\\n\\","    font-family: Arial, Helvetica, sans-serif;\\n\\","    margin: 2rem;\\n\\","}\\n\\","body > * {\\n\\","    margin-bottom: 1rem;\\n\\","}\\n\\",".utility2FooterDiv {\\n\\","    margin-top: 20px;\\n\\","    text-align: center;\\n\\","}\\n\\","</style>\\n\\","<style>\\n\\","/*csslint\\n\\","*/\\n\\","textarea {\\n\\","    font-family: monospace;\\n\\","    height: 10rem;\\n\\","    width: 100%;\\n\\","}\\n\\","textarea[readonly] {\\n\\","    background: #ddd;\\n\\","}\\n\\","</style>\\n\\","</head>\\n\\","<body>\\n\\","<!-- utility2-comment\\n\\","<div id=\"ajaxProgressDiv1\" style=\"background: #d00; height: 2px; left: 0; margin: 0; padding: 0; position: fixed; top: 0; transition: background 0.5s, width 1.5s; width: 25%;\"></div>\\n\\","utility2-comment -->\\n\\","<h1>\\n\\","<!-- utility2-comment\\n\\","    <a\\n\\","        {{#if env.npm_package_homepage}}\\n\\","        href=\"{{env.npm_package_homepage}}\"\\n\\","        {{/if env.npm_package_homepage}}\\n\\","        target=\"_blank\"\\n\\","    >\\n\\","utility2-comment -->\\n\\","        {{env.npm_package_name}} (v{{env.npm_package_version}})\\n\\","<!-- utility2-comment\\n\\","    </a>\\n\\","utility2-comment -->\\n\\","</h1>\\n\\","<h3>{{env.npm_package_description}}</h3>\\n\\","<!-- utility2-comment\\n\\","<h4><a download href=\"assets.app.js\">download standalone app</a></h4>\\n\\","<button class=\"onclick onreset\" id=\"testRunButton1\">run internal test</button><br>\\n\\","<div id=\"testReportDiv1\" style=\"display: none;\"></div>\\n\\","utility2-comment -->\\n\\","\\n\\","\\n\\","\\n\\","<label>stderr and stdout</label>\\n\\","<textarea class=\"resettable\" id=\"outputTextareaStdout1\" readonly></textarea>\\n\\","<!-- utility2-comment\\n\\","{{#if isRollup}}\\n\\","<script src=\"assets.app.js\"></script>\\n\\","{{#unless isRollup}}\\n\\","utility2-comment -->\\n\\","<script src=\"assets.utility2.rollup.js\"></script>\\n\\","<script src=\"jsonp.utility2._stateInit?callback=window.utility2._stateInit\"></script>\\n\\","<script src=\"assets.npmtest_thrift.rollup.js\"></script>\\n\\","<script src=\"assets.example.js\"></script>\\n\\","<script src=\"assets.test.js\"></script>\\n\\","<!-- utility2-comment\\n\\","{{/if isRollup}}\\n\\","utility2-comment -->\\n\\","<div class=\"utility2FooterDiv\">\\n\\","    [ this app was created with\\n\\","    <a href=\"https://github.com/kaizhu256/node-utility2\" target=\"_blank\">utility2</a>\\n\\","    ]\\n\\","</div>\\n\\","</body>\\n\\","</html>\\n\\","';","        /* jslint-ignore-end */","        if (local.templateRender) {","            local.assetsDict['/'] = local.templateRender(","                local.assetsDict['/assets.index.template.html'],","                {","                    env: local.objectSetDefault(local.env, {","                        npm_package_description: 'the greatest app in the world!',","                        npm_package_name: 'my-app',","                        npm_package_nameAlias: 'my_app',","                        npm_package_version: '0.0.1'","                    })","                }","            );","        } else {","            local.assetsDict['/'] = local.assetsDict['/assets.index.template.html']","                .replace((/\\{\\{env\\.(\\w+?)\\}\\}/g), function (match0, match1) {","                    // jslint-hack","                    String(match0);","                    switch (match1) {","                    case 'npm_package_description':","                        return 'the greatest app in the world!';","                    case 'npm_package_name':","                        return 'my-app';","                    case 'npm_package_nameAlias':","                        return 'my_app';","                    case 'npm_package_version':","                        return '0.0.1';","                    }","                });","        }","        // run the cli","        if (local.global.utility2_rollup || module !== require.main) {","            break;","        }","        local.assetsDict['/assets.example.js'] =","            local.assetsDict['/assets.example.js'] ||","            local.fs.readFileSync(__filename, 'utf8');","        // bug-workaround - long $npm_package_buildCustomOrg","        /* jslint-ignore-begin */","        local.assetsDict['/assets.npmtest_thrift.rollup.js'] =","            local.assetsDict['/assets.npmtest_thrift.rollup.js'] ||","            local.fs.readFileSync(","                local.npmtest_thrift.__dirname + '/lib.npmtest_thrift.js',","                'utf8'","            ).replace((/^#!/), '//');","        /* jslint-ignore-end */","        local.assetsDict['/favicon.ico'] = local.assetsDict['/favicon.ico'] || '';","        // if $npm_config_timeout_exit exists,","        // then exit this process after $npm_config_timeout_exit ms","        if (Number(process.env.npm_config_timeout_exit)) {","            setTimeout(process.exit, Number(process.env.npm_config_timeout_exit));","        }","        // start server","        if (local.global.utility2_serverHttp1) {","            break;","        }","        process.env.PORT = process.env.PORT || '8081';","        console.error('server starting on port ' + process.env.PORT);","        local.http.createServer(function (request, response) {","            request.urlParsed = local.url.parse(request.url);","            if (local.assetsDict[request.urlParsed.pathname] !== undefined) {","                response.end(local.assetsDict[request.urlParsed.pathname]);","                return;","            }","            response.statusCode = 404;","            response.end();","        }).listen(process.env.PORT);","        break;","    }","}());",""],"l":{"26":2,"28":2,"33":2,"35":2,"37":2,"38":2,"39":2,"44":1,"51":2,"55":2,"59":2,"61":2,"69":1,"70":2,"76":2,"79":2,"82":2,"83":2,"85":1,"89":2,"92":1,"93":1,"94":1,"96":1,"97":1,"100":1,"101":1,"103":1,"106":1,"108":2,"114":1,"116":1,"118":1,"123":1,"124":2,"125":2,"126":3,"127":3,"128":3,"129":3,"130":1,"133":3,"134":3,"139":3,"143":1,"144":3,"145":1,"149":1,"150":1,"158":1,"160":1,"161":1,"162":1,"164":1,"166":1,"258":1,"259":1,"271":1,"274":6,"275":6,"277":1,"279":2,"281":1,"283":2,"288":1,"289":1,"291":1,"296":1,"303":1,"306":1,"307":1,"310":1,"311":1,"313":1,"314":1,"315":1,"316":1,"317":1,"318":1,"319":1,"321":1,"322":1,"324":1}},"/home/travis/build/npmtest/node-npmtest-thrift/node_modules/thrift/lib/nodejs/lib/thrift/index.js":{"path":"/home/travis/build/npmtest/node-npmtest-thrift/node_modules/thrift/lib/nodejs/lib/thrift/index.js","s":{"1":1,"2":1,"3":1,"4":1,"5":1,"6":1,"7":1,"8":1,"9":1,"10":1,"11":1,"12":1,"13":1,"14":1,"15":1,"16":1,"17":1,"18":1,"19":1,"20":1,"21":1,"22":1,"23":1,"24":1,"25":1,"26":1,"27":1,"28":1,"29":1,"30":1,"31":1,"32":1,"33":1,"34":1,"35":1,"36":1},"b":{},"f":{},"fnMap":{},"statementMap":{"1":{"start":{"line":19,"column":0},"end":{"line":19,"column":37}},"2":{"start":{"line":21,"column":0},"end":{"line":21,"column":41}},"3":{"start":{"line":22,"column":0},"end":{"line":22,"column":43}},"4":{"start":{"line":23,"column":0},"end":{"line":23,"column":47}},"5":{"start":{"line":24,"column":0},"end":{"line":24,"column":55}},"6":{"start":{"line":25,"column":0},"end":{"line":25,"column":61}},"7":{"start":{"line":26,"column":0},"end":{"line":26,"column":57}},"8":{"start":{"line":27,"column":0},"end":{"line":27,"column":65}},"9":{"start":{"line":29,"column":0},"end":{"line":29,"column":50}},"10":{"start":{"line":30,"column":0},"end":{"line":30,"column":55}},"11":{"start":{"line":31,"column":0},"end":{"line":31,"column":67}},"12":{"start":{"line":32,"column":0},"end":{"line":32,"column":59}},"13":{"start":{"line":34,"column":0},"end":{"line":34,"column":46}},"14":{"start":{"line":35,"column":0},"end":{"line":35,"column":49}},"15":{"start":{"line":36,"column":0},"end":{"line":36,"column":61}},"16":{"start":{"line":37,"column":0},"end":{"line":37,"column":53}},"17":{"start":{"line":39,"column":0},"end":{"line":39,"column":48}},"18":{"start":{"line":40,"column":0},"end":{"line":40,"column":52}},"19":{"start":{"line":41,"column":0},"end":{"line":41,"column":64}},"20":{"start":{"line":42,"column":0},"end":{"line":42,"column":56}},"21":{"start":{"line":44,"column":0},"end":{"line":44,"column":33}},"22":{"start":{"line":45,"column":0},"end":{"line":45,"column":43}},"23":{"start":{"line":46,"column":0},"end":{"line":46,"column":61}},"24":{"start":{"line":48,"column":0},"end":{"line":48,"column":41}},"25":{"start":{"line":49,"column":0},"end":{"line":49,"column":53}},"26":{"start":{"line":51,"column":0},"end":{"line":51,"column":38}},"27":{"start":{"line":52,"column":0},"end":{"line":52,"column":25}},"28":{"start":{"line":54,"column":0},"end":{"line":54,"column":52}},"29":{"start":{"line":55,"column":0},"end":{"line":55,"column":50}},"30":{"start":{"line":56,"column":0},"end":{"line":56,"column":44}},"31":{"start":{"line":57,"column":0},"end":{"line":57,"column":63}},"32":{"start":{"line":63,"column":0},"end":{"line":63,"column":57}},"33":{"start":{"line":64,"column":0},"end":{"line":64,"column":61}},"34":{"start":{"line":65,"column":0},"end":{"line":65,"column":55}},"35":{"start":{"line":66,"column":0},"end":{"line":66,"column":51}},"36":{"start":{"line":67,"column":0},"end":{"line":67,"column":57}}},"branchMap":{},"code":["/*"," * Licensed to the Apache Software Foundation (ASF) under one"," * or more contributor license agreements. See the NOTICE file"," * distributed with this work for additional information"," * regarding copyright ownership. The ASF licenses this file"," * to you under the Apache License, Version 2.0 (the"," * \"License\"); you may not use this file except in compliance"," * with the License. You may obtain a copy of the License at"," *"," *   http://www.apache.org/licenses/LICENSE-2.0"," *"," * Unless required by applicable law or agreed to in writing,"," * software distributed under the License is distributed on an"," * \"AS IS\" BASIS, WITHOUT WARRANTIES OR CONDITIONS OF ANY"," * KIND, either express or implied. See the License for the"," * specific language governing permissions and limitations"," * under the License."," */","exports.Thrift = require('./thrift');","","var connection = require('./connection');","exports.Connection = connection.Connection;","exports.createClient = connection.createClient;","exports.createConnection = connection.createConnection;","exports.createSSLConnection = connection.createSSLConnection;","exports.createStdIOClient = connection.createStdIOClient;","exports.createStdIOConnection = connection.createStdIOConnection;","","var httpConnection = require('./http_connection');","exports.HttpConnection = httpConnection.HttpConnection;","exports.createHttpConnection = httpConnection.createHttpConnection;","exports.createHttpClient = httpConnection.createHttpClient;","","var wsConnection = require('./ws_connection');","exports.WSConnection = wsConnection.WSConnection;","exports.createWSConnection = wsConnection.createWSConnection;","exports.createWSClient = wsConnection.createWSClient;","","var xhrConnection = require('./xhr_connection');","exports.XHRConnection = xhrConnection.XHRConnection;","exports.createXHRConnection = xhrConnection.createXHRConnection;","exports.createXHRClient = xhrConnection.createXHRClient;","","var server = require('./server');","exports.createServer = server.createServer;","exports.createMultiplexServer = server.createMultiplexServer;","","var web_server = require('./web_server');","exports.createWebServer = web_server.createWebServer;","","exports.Int64 = require('node-int64');","exports.Q = require('q');","","var mprocessor = require('./multiplexed_processor');","var mprotocol = require('./multiplexed_protocol');","exports.Multiplexer = mprotocol.Multiplexer;","exports.MultiplexedProcessor = mprocessor.MultiplexedProcessor;","","/*"," * Export transport and protocol so they can be used outside of a"," * cassandra/server context"," */","exports.TFramedTransport = require('./framed_transport');","exports.TBufferedTransport = require('./buffered_transport');","exports.TBinaryProtocol = require('./binary_protocol');","exports.TJSONProtocol = require('./json_protocol');","exports.TCompactProtocol = require('./compact_protocol');",""],"l":{"19":1,"21":1,"22":1,"23":1,"24":1,"25":1,"26":1,"27":1,"29":1,"30":1,"31":1,"32":1,"34":1,"35":1,"36":1,"37":1,"39":1,"40":1,"41":1,"42":1,"44":1,"45":1,"46":1,"48":1,"49":1,"51":1,"52":1,"54":1,"55":1,"56":1,"57":1,"63":1,"64":1,"65":1,"66":1,"67":1}},"/home/travis/build/npmtest/node-npmtest-thrift/node_modules/thrift/lib/nodejs/lib/thrift/thrift.js":{"path":"/home/travis/build/npmtest/node-npmtest-thrift/node_modules/thrift/lib/nodejs/lib/thrift/thrift.js","s":{"1":1,"2":1,"3":1,"4":1,"5":1,"6":0,"7":0,"8":0,"9":0,"10":1,"11":1,"12":1,"13":1,"14":0,"15":0,"16":0,"17":0,"18":0,"19":1,"20":1,"21":0,"22":0,"23":0,"24":0,"25":0,"26":0,"27":0,"28":0,"29":0,"30":0,"31":0,"32":0,"33":0,"34":0,"35":0,"36":0,"37":0,"38":0,"39":0,"40":0,"41":0,"42":1,"43":0,"44":0,"45":0,"46":0,"47":0,"48":0,"49":0,"50":0,"51":0,"52":0,"53":0,"54":1,"55":1,"56":1,"57":0,"58":0,"59":0,"60":0,"61":0,"62":1,"63":1,"64":0,"65":1,"66":0,"67":1,"68":1,"69":0,"70":0,"71":0,"72":0,"73":0,"74":0,"75":0,"76":0,"77":0,"78":0,"79":0,"80":0,"81":0,"82":0,"83":0,"84":0,"85":1,"86":0,"87":0,"88":0,"89":0,"90":0,"91":0,"92":0,"93":0,"94":0,"95":0,"96":0,"97":0,"98":0,"99":0,"100":0,"101":0,"102":0,"103":1,"104":1},"b":{"1":[0,0],"2":[0,0],"3":[0,0,0],"4":[0,0],"5":[0,0],"6":[0,0],"7":[0,0],"8":[0,0],"9":[0,0],"10":[0,0],"11":[0,0],"12":[0,0],"13":[0,0],"14":[0,0],"15":[0,0],"16":[0,0],"17":[0,0],"18":[0,0]},"f":{"1":0,"2":0,"3":0,"4":0,"5":0,"6":0,"7":0,"8":0,"9":0},"fnMap":{"1":{"name":"TException","line":50,"loc":{"start":{"line":50,"column":0},"end":{"line":50,"column":29}}},"2":{"name":"TApplicationException","line":74,"loc":{"start":{"line":74,"column":0},"end":{"line":74,"column":46}}},"3":{"name":"(anonymous_3)","line":83,"loc":{"start":{"line":83,"column":39},"end":{"line":83,"column":55}}},"4":{"name":"(anonymous_4)","line":118,"loc":{"start":{"line":118,"column":40},"end":{"line":118,"column":56}}},"5":{"name":"TProtocolException","line":150,"loc":{"start":{"line":150,"column":0},"end":{"line":150,"column":43}}},"6":{"name":"(anonymous_6)","line":159,"loc":{"start":{"line":159,"column":23},"end":{"line":159,"column":37}}},"7":{"name":"(anonymous_7)","line":163,"loc":{"start":{"line":163,"column":19},"end":{"line":163,"column":59}}},"8":{"name":"(anonymous_8)","line":169,"loc":{"start":{"line":169,"column":11},"end":{"line":169,"column":32}}},"9":{"name":"(anonymous_9)","line":199,"loc":{"start":{"line":199,"column":10},"end":{"line":199,"column":30}}}},"statementMap":{"1":{"start":{"line":19,"column":0},"end":{"line":19,"column":27}},"2":{"start":{"line":21,"column":0},"end":{"line":39,"column":2}},"3":{"start":{"line":41,"column":0},"end":{"line":46,"column":2}},"4":{"start":{"line":48,"column":0},"end":{"line":48,"column":32}},"5":{"start":{"line":50,"column":0},"end":{"line":55,"column":1}},"6":{"start":{"line":51,"column":2},"end":{"line":51,"column":19}},"7":{"start":{"line":52,"column":2},"end":{"line":52,"column":50}},"8":{"start":{"line":53,"column":2},"end":{"line":53,"column":36}},"9":{"start":{"line":54,"column":2},"end":{"line":54,"column":25}},"10":{"start":{"line":56,"column":0},"end":{"line":56,"column":33}},"11":{"start":{"line":58,"column":0},"end":{"line":70,"column":2}},"12":{"start":{"line":72,"column":0},"end":{"line":72,"column":54}},"13":{"start":{"line":74,"column":0},"end":{"line":80,"column":1}},"14":{"start":{"line":75,"column":2},"end":{"line":75,"column":24}},"15":{"start":{"line":76,"column":2},"end":{"line":76,"column":50}},"16":{"start":{"line":77,"column":2},"end":{"line":77,"column":56}},"17":{"start":{"line":78,"column":2},"end":{"line":78,"column":36}},"18":{"start":{"line":79,"column":2},"end":{"line":79,"column":25}},"19":{"start":{"line":81,"column":0},"end":{"line":81,"column":49}},"20":{"start":{"line":83,"column":0},"end":{"line":116,"column":2}},"21":{"start":{"line":84,"column":2},"end":{"line":84,"column":12}},"22":{"start":{"line":85,"column":2},"end":{"line":85,"column":59}},"23":{"start":{"line":87,"column":2},"end":{"line":114,"column":3}},"24":{"start":{"line":88,"column":6},"end":{"line":88,"column":35}},"25":{"start":{"line":89,"column":6},"end":{"line":90,"column":16}},"26":{"start":{"line":90,"column":10},"end":{"line":90,"column":16}},"27":{"start":{"line":92,"column":6},"end":{"line":112,"column":7}},"28":{"start":{"line":94,"column":14},"end":{"line":99,"column":15}},"29":{"start":{"line":95,"column":18},"end":{"line":95,"column":43}},"30":{"start":{"line":96,"column":18},"end":{"line":96,"column":37}},"31":{"start":{"line":98,"column":18},"end":{"line":98,"column":46}},"32":{"start":{"line":100,"column":14},"end":{"line":100,"column":20}},"33":{"start":{"line":102,"column":14},"end":{"line":107,"column":15}},"34":{"start":{"line":103,"column":18},"end":{"line":103,"column":40}},"35":{"start":{"line":104,"column":18},"end":{"line":104,"column":34}},"36":{"start":{"line":106,"column":18},"end":{"line":106,"column":48}},"37":{"start":{"line":108,"column":14},"end":{"line":108,"column":20}},"38":{"start":{"line":110,"column":14},"end":{"line":110,"column":42}},"39":{"start":{"line":111,"column":14},"end":{"line":111,"column":20}},"40":{"start":{"line":113,"column":6},"end":{"line":113,"column":27}},"41":{"start":{"line":115,"column":2},"end":{"line":115,"column":24}},"42":{"start":{"line":118,"column":0},"end":{"line":135,"column":2}},"43":{"start":{"line":119,"column":2},"end":{"line":119,"column":51}},"44":{"start":{"line":121,"column":2},"end":{"line":125,"column":3}},"45":{"start":{"line":122,"column":6},"end":{"line":122,"column":56}},"46":{"start":{"line":123,"column":6},"end":{"line":123,"column":39}},"47":{"start":{"line":124,"column":6},"end":{"line":124,"column":29}},"48":{"start":{"line":127,"column":2},"end":{"line":131,"column":3}},"49":{"start":{"line":128,"column":6},"end":{"line":128,"column":50}},"50":{"start":{"line":129,"column":6},"end":{"line":129,"column":33}},"51":{"start":{"line":130,"column":6},"end":{"line":130,"column":29}},"52":{"start":{"line":133,"column":2},"end":{"line":133,"column":26}},"53":{"start":{"line":134,"column":2},"end":{"line":134,"column":26}},"54":{"start":{"line":137,"column":0},"end":{"line":145,"column":2}},"55":{"start":{"line":148,"column":0},"end":{"line":148,"column":48}},"56":{"start":{"line":150,"column":0},"end":{"line":156,"column":1}},"57":{"start":{"line":151,"column":2},"end":{"line":151,"column":19}},"58":{"start":{"line":152,"column":2},"end":{"line":152,"column":50}},"59":{"start":{"line":153,"column":2},"end":{"line":153,"column":36}},"60":{"start":{"line":154,"column":2},"end":{"line":154,"column":19}},"61":{"start":{"line":155,"column":2},"end":{"line":155,"column":25}},"62":{"start":{"line":157,"column":0},"end":{"line":157,"column":41}},"63":{"start":{"line":159,"column":0},"end":{"line":161,"column":2}},"64":{"start":{"line":160,"column":2},"end":{"line":160,"column":33}},"65":{"start":{"line":163,"column":0},"end":{"line":165,"column":2}},"66":{"start":{"line":164,"column":2},"end":{"line":164,"column":47}},"67":{"start":{"line":167,"column":0},"end":{"line":167,"column":22}},"68":{"start":{"line":169,"column":0},"end":{"line":197,"column":2}},"69":{"start":{"line":171,"column":2},"end":{"line":171,"column":26}},"70":{"start":{"line":171,"column":13},"end":{"line":171,"column":24}},"71":{"start":{"line":173,"column":2},"end":{"line":173,"column":11}},"72":{"start":{"line":175,"column":2},"end":{"line":180,"column":3}},"73":{"start":{"line":176,"column":4},"end":{"line":176,"column":17}},"74":{"start":{"line":179,"column":4},"end":{"line":179,"column":20}},"75":{"start":{"line":181,"column":2},"end":{"line":181,"column":18}},"76":{"start":{"line":183,"column":2},"end":{"line":183,"column":44}},"77":{"start":{"line":184,"column":2},"end":{"line":195,"column":3}},"78":{"start":{"line":185,"column":4},"end":{"line":185,"column":17}},"79":{"start":{"line":186,"column":4},"end":{"line":194,"column":5}},"80":{"start":{"line":187,"column":6},"end":{"line":187,"column":23}},"81":{"start":{"line":189,"column":9},"end":{"line":194,"column":5}},"82":{"start":{"line":190,"column":6},"end":{"line":190,"column":45}},"83":{"start":{"line":193,"column":6},"end":{"line":193,"column":33}},"84":{"start":{"line":196,"column":2},"end":{"line":196,"column":16}},"85":{"start":{"line":199,"column":0},"end":{"line":229,"column":2}},"86":{"start":{"line":201,"column":2},"end":{"line":201,"column":26}},"87":{"start":{"line":201,"column":13},"end":{"line":201,"column":24}},"88":{"start":{"line":203,"column":2},"end":{"line":203,"column":11}},"89":{"start":{"line":205,"column":2},"end":{"line":210,"column":3}},"90":{"start":{"line":206,"column":4},"end":{"line":206,"column":17}},"91":{"start":{"line":209,"column":4},"end":{"line":209,"column":20}},"92":{"start":{"line":211,"column":2},"end":{"line":211,"column":18}},"93":{"start":{"line":213,"column":2},"end":{"line":213,"column":23}},"94":{"start":{"line":214,"column":2},"end":{"line":227,"column":3}},"95":{"start":{"line":215,"column":4},"end":{"line":226,"column":5}},"96":{"start":{"line":216,"column":6},"end":{"line":216,"column":22}},"97":{"start":{"line":217,"column":6},"end":{"line":225,"column":7}},"98":{"start":{"line":218,"column":8},"end":{"line":218,"column":27}},"99":{"start":{"line":220,"column":11},"end":{"line":225,"column":7}},"100":{"start":{"line":221,"column":8},"end":{"line":221,"column":49}},"101":{"start":{"line":224,"column":8},"end":{"line":224,"column":37}},"102":{"start":{"line":228,"column":2},"end":{"line":228,"column":16}},"103":{"start":{"line":231,"column":0},"end":{"line":231,"column":33}},"104":{"start":{"line":232,"column":0},"end":{"line":232,"column":35}}},"branchMap":{"1":{"line":77,"type":"binary-expr","locations":[{"start":{"line":77,"column":14},"end":{"line":77,"column":18}},{"start":{"line":77,"column":22},"end":{"line":77,"column":55}}]},"2":{"line":89,"type":"if","locations":[{"start":{"line":89,"column":6},"end":{"line":89,"column":6}},{"start":{"line":89,"column":6},"end":{"line":89,"column":6}}]},"3":{"line":92,"type":"switch","locations":[{"start":{"line":93,"column":10},"end":{"line":100,"column":20}},{"start":{"line":101,"column":10},"end":{"line":108,"column":20}},{"start":{"line":109,"column":10},"end":{"line":111,"column":20}}]},"4":{"line":94,"type":"if","locations":[{"start":{"line":94,"column":14},"end":{"line":94,"column":14}},{"start":{"line":94,"column":14},"end":{"line":94,"column":14}}]},"5":{"line":102,"type":"if","locations":[{"start":{"line":102,"column":14},"end":{"line":102,"column":14}},{"start":{"line":102,"column":14},"end":{"line":102,"column":14}}]},"6":{"line":121,"type":"if","locations":[{"start":{"line":121,"column":2},"end":{"line":121,"column":2}},{"start":{"line":121,"column":2},"end":{"line":121,"column":2}}]},"7":{"line":127,"type":"if","locations":[{"start":{"line":127,"column":2},"end":{"line":127,"column":2}},{"start":{"line":127,"column":2},"end":{"line":127,"column":2}}]},"8":{"line":171,"type":"if","locations":[{"start":{"line":171,"column":2},"end":{"line":171,"column":2}},{"start":{"line":171,"column":2},"end":{"line":171,"column":2}}]},"9":{"line":175,"type":"if","locations":[{"start":{"line":175,"column":2},"end":{"line":175,"column":2}},{"start":{"line":175,"column":2},"end":{"line":175,"column":2}}]},"10":{"line":186,"type":"if","locations":[{"start":{"line":186,"column":4},"end":{"line":186,"column":4}},{"start":{"line":186,"column":4},"end":{"line":186,"column":4}}]},"11":{"line":189,"type":"if","locations":[{"start":{"line":189,"column":9},"end":{"line":189,"column":9}},{"start":{"line":189,"column":9},"end":{"line":189,"column":9}}]},"12":{"line":189,"type":"binary-expr","locations":[{"start":{"line":189,"column":13},"end":{"line":189,"column":29}},{"start":{"line":189,"column":33},"end":{"line":189,"column":50}}]},"13":{"line":201,"type":"if","locations":[{"start":{"line":201,"column":2},"end":{"line":201,"column":2}},{"start":{"line":201,"column":2},"end":{"line":201,"column":2}}]},"14":{"line":205,"type":"if","locations":[{"start":{"line":205,"column":2},"end":{"line":205,"column":2}},{"start":{"line":205,"column":2},"end":{"line":205,"column":2}}]},"15":{"line":215,"type":"if","locations":[{"start":{"line":215,"column":4},"end":{"line":215,"column":4}},{"start":{"line":215,"column":4},"end":{"line":215,"column":4}}]},"16":{"line":217,"type":"if","locations":[{"start":{"line":217,"column":6},"end":{"line":217,"column":6}},{"start":{"line":217,"column":6},"end":{"line":217,"column":6}}]},"17":{"line":220,"type":"if","locations":[{"start":{"line":220,"column":11},"end":{"line":220,"column":11}},{"start":{"line":220,"column":11},"end":{"line":220,"column":11}}]},"18":{"line":220,"type":"binary-expr","locations":[{"start":{"line":220,"column":15},"end":{"line":220,"column":31}},{"start":{"line":220,"column":35},"end":{"line":220,"column":52}}]}},"code":["/*"," * Licensed to the Apache Software Foundation (ASF) under one"," * or more contributor license agreements. See the NOTICE file"," * distributed with this work for additional information"," * regarding copyright ownership. The ASF licenses this file"," * to you under the Apache License, Version 2.0 (the"," * \"License\"); you may not use this file except in compliance"," * with the License. You may obtain a copy of the License at"," *"," *   http://www.apache.org/licenses/LICENSE-2.0"," *"," * Unless required by applicable law or agreed to in writing,"," * software distributed under the License is distributed on an"," * \"AS IS\" BASIS, WITHOUT WARRANTIES OR CONDITIONS OF ANY"," * KIND, either express or implied. See the License for the"," * specific language governing permissions and limitations"," * under the License."," */","var util = require('util');","","var Type = exports.Type = {","  STOP: 0,","  VOID: 1,","  BOOL: 2,","  BYTE: 3,","  I08: 3,","  DOUBLE: 4,","  I16: 6,","  I32: 8,","  I64: 10,","  STRING: 11,","  UTF7: 11,","  STRUCT: 12,","  MAP: 13,","  SET: 14,","  LIST: 15,","  UTF8: 16,","  UTF16: 17","};","","exports.MessageType = {","  CALL: 1,","  REPLY: 2,","  EXCEPTION: 3,","  ONEWAY: 4","};","","exports.TException = TException;","","function TException(message) {","  Error.call(this);","  Error.captureStackTrace(this, this.constructor);","  this.name = this.constructor.name;","  this.message = message;","};","util.inherits(TException, Error);","","var TApplicationExceptionType = exports.TApplicationExceptionType = {","  UNKNOWN: 0,","  UNKNOWN_METHOD: 1,","  INVALID_MESSAGE_TYPE: 2,","  WRONG_METHOD_NAME: 3,","  BAD_SEQUENCE_ID: 4,","  MISSING_RESULT: 5,","  INTERNAL_ERROR: 6,","  PROTOCOL_ERROR: 7,","  INVALID_TRANSFORM: 8,","  INVALID_PROTOCOL: 9,","  UNSUPPORTED_CLIENT_TYPE: 10","};","","exports.TApplicationException = TApplicationException;","","function TApplicationException(type, message) {","  TException.call(this);","  Error.captureStackTrace(this, this.constructor);","  this.type = type || TApplicationExceptionType.UNKNOWN;","  this.name = this.constructor.name;","  this.message = message;","};","util.inherits(TApplicationException, TException);","","TApplicationException.prototype.read = function(input) {","  var ftype;","  var ret = input.readStructBegin('TApplicationException');","","  while(1){","      ret = input.readFieldBegin();","      if(ret.ftype == Type.STOP)","          break;","","      switch(ret.fid){","          case 1:","              if( ret.ftype == Type.STRING ){","                  ret = input.readString();","                  this.message = ret;","              } else {","                  ret = input.skip(ret.ftype);","              }","              break;","          case 2:","              if( ret.ftype == Type.I32 ){","                  ret = input.readI32();","                  this.type = ret;","              } else {","                  ret   = input.skip(ret.ftype);","              }","              break;","          default:","              ret = input.skip(ret.ftype);","              break;","      }","      input.readFieldEnd();","  }","  input.readStructEnd();","};","","TApplicationException.prototype.write = function(output){","  output.writeStructBegin('TApplicationException');","","  if (this.message) {","      output.writeFieldBegin('message', Type.STRING, 1);","      output.writeString(this.message);","      output.writeFieldEnd();","  }","","  if (this.code) {","      output.writeFieldBegin('type', Type.I32, 2);","      output.writeI32(this.code);","      output.writeFieldEnd();","  }","","  output.writeFieldStop();","  output.writeStructEnd();","};","","var TProtocolExceptionType = exports.TProtocolExceptionType = {","  UNKNOWN: 0,","  INVALID_DATA: 1,","  NEGATIVE_SIZE: 2,","  SIZE_LIMIT: 3,","  BAD_VERSION: 4,","  NOT_IMPLEMENTED: 5,","  DEPTH_LIMIT: 6","};","","","exports.TProtocolException = TProtocolException;","","function TProtocolException(type, message) {","  Error.call(this);","  Error.captureStackTrace(this, this.constructor);","  this.name = this.constructor.name;","  this.type = type;","  this.message = message;","};","util.inherits(TProtocolException, Error);","","exports.objectLength = function(obj) {","  return Object.keys(obj).length;","};","","exports.inherits = function(constructor, superConstructor) {","  util.inherits(constructor, superConstructor);","};","","var copyList, copyMap;","","copyList = function(lst, types) {","","  if (!lst) {return lst; }","","  var type;","","  if (types.shift === undefined) {","    type = types;","  }","  else {","    type = types[0];","  }","  var Type = type;","","  var len = lst.length, result = [], i, val;","  for (i = 0; i < len; i++) {","    val = lst[i];","    if (type === null) {","      result.push(val);","    }","    else if (type === copyMap || type === copyList) {","      result.push(type(val, types.slice(1)));","    }","    else {","      result.push(new Type(val));","    }","  }","  return result;","};","","copyMap = function(obj, types){","","  if (!obj) {return obj; }","","  var type;","","  if (types.shift === undefined) {","    type = types;","  }","  else {","    type = types[0];","  }","  var Type = type;","","  var result = {}, val;","  for(var prop in obj) {","    if(obj.hasOwnProperty(prop)) {","      val = obj[prop];","      if (type === null) {","        result[prop] = val;","      }","      else if (type === copyMap || type === copyList) {","        result[prop] = type(val, types.slice(1));","      }","      else {","        result[prop] = new Type(val);","      }","    }","  }","  return result;","};","","module.exports.copyMap = copyMap;","module.exports.copyList = copyList;",""],"l":{"19":1,"21":1,"41":1,"48":1,"50":1,"51":0,"52":0,"53":0,"54":0,"56":1,"58":1,"72":1,"74":1,"75":0,"76":0,"77":0,"78":0,"79":0,"81":1,"83":1,"84":0,"85":0,"87":0,"88":0,"89":0,"90":0,"92":0,"94":0,"95":0,"96":0,"98":0,"100":0,"102":0,"103":0,"104":0,"106":0,"108":0,"110":0,"111":0,"113":0,"115":0,"118":1,"119":0,"121":0,"122":0,"123":0,"124":0,"127":0,"128":0,"129":0,"130":0,"133":0,"134":0,"137":1,"148":1,"150":1,"151":0,"152":0,"153":0,"154":0,"155":0,"157":1,"159":1,"160":0,"163":1,"164":0,"167":1,"169":1,"171":0,"173":0,"175":0,"176":0,"179":0,"181":0,"183":0,"184":0,"185":0,"186":0,"187":0,"189":0,"190":0,"193":0,"196":0,"199":1,"201":0,"203":0,"205":0,"206":0,"209":0,"211":0,"213":0,"214":0,"215":0,"216":0,"217":0,"218":0,"220":0,"221":0,"224":0,"228":0,"231":1,"232":1}},"/home/travis/build/npmtest/node-npmtest-thrift/node_modules/thrift/lib/nodejs/lib/thrift/connection.js":{"path":"/home/travis/build/npmtest/node-npmtest-thrift/node_modules/thrift/lib/nodejs/lib/thrift/connection.js","s":{"1":1,"2":1,"3":1,"4":1,"5":1,"6":1,"7":1,"8":1,"9":1,"10":1,"11":1,"12":0,"13":0,"14":0,"15":0,"16":0,"17":0,"18":0,"19":0,"20":0,"21":0,"22":0,"23":0,"24":0,"25":0,"26":0,"27":0,"28":0,"29":0,"30":0,"31":0,"32":0,"33":0,"34":0,"35":0,"36":0,"37":0,"38":0,"39":0,"40":0,"41":0,"42":0,"43":0,"44":0,"45":0,"46":0,"47":0,"48":0,"49":0,"50":0,"51":0,"52":0,"53":0,"54":0,"55":0,"56":0,"57":0,"58":0,"59":0,"60":0,"61":0,"62":0,"63":0,"64":0,"65":0,"66":0,"67":0,"68":0,"69":0,"70":0,"71":0,"72":0,"73":0,"74":1,"75":1,"76":0,"77":1,"78":0,"79":1,"80":0,"81":0,"82":0,"83":0,"84":0,"85":1,"86":0,"87":0,"88":0,"89":0,"90":1,"91":0,"92":0,"93":0,"94":0,"95":0,"96":0,"97":0,"98":0,"99":0,"100":0,"101":0,"102":0,"103":0,"104":0,"105":0,"106":0,"107":0,"108":0,"109":0,"110":0,"111":0,"112":0,"113":0,"114":0,"115":0,"116":0,"117":0,"118":0,"119":0,"120":0,"121":1,"122":0,"123":0,"124":0,"125":0,"126":0,"127":1,"128":0,"129":0,"130":0,"131":0,"132":0,"133":1,"134":1,"135":1,"136":0,"137":0,"138":0,"139":0,"140":0,"141":0,"142":0,"143":0,"144":0,"145":0,"146":0,"147":0,"148":0,"149":0,"150":0,"151":0,"152":0,"153":0,"154":0,"155":0,"156":0,"157":0,"158":0,"159":0,"160":0,"161":0,"162":0,"163":0,"164":0,"165":0,"166":0,"167":0,"168":0,"169":0,"170":0,"171":0,"172":0,"173":0,"174":0,"175":0,"176":0,"177":0,"178":0,"179":1,"180":1,"181":0,"182":1,"183":0,"184":0,"185":0,"186":0,"187":1,"188":0,"189":1},"b":{"1":[0,0],"2":[0,0],"3":[0,0],"4":[0,0],"5":[0,0],"6":[0,0,0],"7":[0,0],"8":[0,0,0],"9":[0,0],"10":[0,0,0],"11":[0,0],"12":[0,0],"13":[0,0],"14":[0,0],"15":[0,0],"16":[0,0],"17":[0,0],"18":[0,0],"19":[0,0],"20":[0,0],"21":[0,0],"22":[0,0],"23":[0,0],"24":[0,0],"25":[0,0],"26":[0,0],"27":[0,0],"28":[0,0],"29":[0,0],"30":[0,0],"31":[0,0],"32":[0,0],"33":[0,0],"34":[0,0],"35":[0,0],"36":[0,0],"37":[0,0],"38":[0,0]},"f":{"1":0,"2":0,"3":0,"4":0,"5":0,"6":0,"7":0,"8":0,"9":0,"10":0,"11":0,"12":0,"13":0,"14":0,"15":0,"16":0,"17":0,"18":0,"19":0,"20":0,"21":0,"22":0,"23":0,"24":0,"25":0,"26":0,"27":0},"fnMap":{"1":{"name":"(anonymous_1)","line":33,"loc":{"start":{"line":33,"column":38},"end":{"line":33,"column":64}}},"2":{"name":"(anonymous_2)","line":66,"loc":{"start":{"line":66,"column":70},"end":{"line":66,"column":81}}},"3":{"name":"(anonymous_3)","line":76,"loc":{"start":{"line":76,"column":31},"end":{"line":76,"column":46}}},"4":{"name":"(anonymous_4)","line":83,"loc":{"start":{"line":83,"column":39},"end":{"line":83,"column":53}}},"5":{"name":"(anonymous_5)","line":94,"loc":{"start":{"line":94,"column":39},"end":{"line":94,"column":50}}},"6":{"name":"(anonymous_6)","line":98,"loc":{"start":{"line":98,"column":41},"end":{"line":98,"column":52}}},"7":{"name":"(anonymous_7)","line":102,"loc":{"start":{"line":102,"column":62},"end":{"line":102,"column":92}}},"8":{"name":"(anonymous_8)","line":127,"loc":{"start":{"line":127,"column":36},"end":{"line":127,"column":58}}},"9":{"name":"(anonymous_9)","line":160,"loc":{"start":{"line":160,"column":27},"end":{"line":160,"column":38}}},"10":{"name":"(anonymous_10)","line":164,"loc":{"start":{"line":164,"column":31},"end":{"line":164,"column":42}}},"11":{"name":"(anonymous_11)","line":168,"loc":{"start":{"line":168,"column":45},"end":{"line":168,"column":57}}},"12":{"name":"(anonymous_12)","line":176,"loc":{"start":{"line":176,"column":29},"end":{"line":176,"column":44}}},"13":{"name":"(anonymous_13)","line":184,"loc":{"start":{"line":184,"column":39},"end":{"line":184,"column":51}}},"14":{"name":"(anonymous_14)","line":221,"loc":{"start":{"line":221,"column":32},"end":{"line":221,"column":44}}},"15":{"name":"(anonymous_15)","line":240,"loc":{"start":{"line":240,"column":27},"end":{"line":240,"column":57}}},"16":{"name":"(anonymous_16)","line":249,"loc":{"start":{"line":249,"column":30},"end":{"line":249,"column":60}}},"17":{"name":"(anonymous_17)","line":262,"loc":{"start":{"line":262,"column":48},"end":{"line":262,"column":75}}},"18":{"name":"(anonymous_18)","line":279,"loc":{"start":{"line":279,"column":32},"end":{"line":279,"column":45}}},"19":{"name":"(anonymous_19)","line":283,"loc":{"start":{"line":283,"column":25},"end":{"line":283,"column":46}}},"20":{"name":"(anonymous_20)","line":293,"loc":{"start":{"line":293,"column":29},"end":{"line":293,"column":44}}},"21":{"name":"(anonymous_21)","line":298,"loc":{"start":{"line":298,"column":39},"end":{"line":298,"column":53}}},"22":{"name":"(anonymous_22)","line":303,"loc":{"start":{"lin
[...]
R payload","    request.on('data', svc.transport.receiver(function(transportWithData) {","      var input = new svc.protocol(transportWithData);","      var output = new svc.protocol(new svc.transport(undefined, function(buf) {","        try {","          response.writeHead(200);","          response.end(buf);","        } catch (err) {","          response.writeHead(500);","          response.end();","        }","      }));","","      try {","        svc.processor.process(input, output);","        transportWithData.commitPosition();","      } catch (err) {","        if (err instanceof InputBufferUnderrunError) {","          transportWithData.rollbackPosition();","        } else {","          response.writeHead(500);","          response.end();","        }","      }","    }));","  }","","","  //Handle GET methods (Static Page Server)","  ///////////////////////////////////////////////////","  function processGet(request, response) {","    //Undefined or empty base directory means do not serve static files","    if (!baseDir || \"\" === baseDir) {","      response.writeHead(404);","      response.end();","      return;","    }","","    //Verify CORS requirements","    if (!VerifyCORSAndSetHeaders(request, response)) {","      response.writeHead(\"403\", \"Origin \" + request.headers.origin + \" not allowed\", {});","      response.end();","      return;","    }","","    //Locate the file requested and send it","    var uri = url.parse(request.url).pathname;","    var filename = path.join(baseDir, uri);","    fs.exists(filename, function(exists) {","      if(!exists) {","        response.writeHead(404);","        response.end();","        return;","      }","","      if (fs.statSync(filename).isDirectory()) {","        filename += '/index.html';","      }","","      fs.readFile(filename, \"binary\", function(err, file) {","        if (err) {","          response.writeHead(500);","          response.end(err + \"\\n\");","          return;","        }","        var headers = {};","        var contentType = contentTypesByExtension[path.extname(filename)];","        if (contentType) {","          headers[\"Content-Type\"] = contentType;","        }","        for (var k in options.headers) {","          headers[k] = options.headers[k];","        }","        response.writeHead(200, headers);","        response.write(file, \"binary\");","        response.end();","      });","    });","  }","","","  //Handle WebSocket calls (TWebSocketTransport)","  ///////////////////////////////////////////////////","  function processWS(data, socket, svc, binEncoding) {","    svc.transport.receiver(function(transportWithData) {","      var input = new svc.protocol(transportWithData);","      var output = new svc.protocol(new svc.transport(undefined, function(buf) {","        try {","          var frame = wsFrame.encode(buf, null, binEncoding);","          socket.write(frame);","        } catch (err) {","          //TODO: Add better error processing","        }","      }));","","      try {","        svc.processor.process(input, output);","        transportWithData.commitPosition();","      }","      catch (err) {","        if (err instanceof InputBufferUnderrunError) {","          transportWithData.rollbackPosition();","        }","        else {","          //TODO: Add better error processing","        }","      }","    })(data);","  }","","  //Create the server (HTTP or HTTPS)","  var server = null;","  if (options.tls) {","    server = https.createServer(options.tls);","  } else {","    server = http.createServer();","  }","","  //Wire up listeners for upgrade(to WebSocket) & request methods for:","  //   - GET static files,","  //   - POST XHR Thrift services","  //   - OPTIONS CORS requests","  server.on('request', function(request, response) {","    if (request.method === 'POST') {","      processPost(request, response);","    } else if (request.method === 'GET') {","      processGet(request, response);","    } else if (request.method === 'OPTIONS') {","      processOptions(request, response);","    } else {","      response.writeHead(500);","      response.end();","    }","  }).on('upgrade', function(request, socket, head) {","    //Lookup service","    var svc;","    try {","      svc = services[Object.keys(services)[0]];","    } catch(e) {","      socket.write(\"HTTP/1.1 403 No Apache Thrift Service available\\r\\n\\r\\n\");","      return;","    }","    //Perform upgrade","    var hash = crypto.createHash(\"sha1\");","    hash.update(request.headers['sec-websocket-key'] + \"258EAFA5-E914-47DA-95CA-C5AB0DC85B11\");","    socket.write(\"HTTP/1.1 101 Switching Protocols\\r\\n\" +","                   \"Upgrade: websocket\\r\\n\" +","                   \"Connection: Upgrade\\r\\n\" +","                   \"Sec-WebSocket-Accept: \" + hash.digest(\"base64\") + \"\\r\\n\" +","                   \"Sec-WebSocket-Origin: \" + request.headers.origin + \"\\r\\n\" +","                   \"Sec-WebSocket-Location: ws://\" + request.headers.host + request.url + \"\\r\\n\" +","                   \"\\r\\n\");","    //Handle WebSocket traffic","    var data = null;","    socket.on('data', function(frame) {","      try {","        while (frame) {","          var result = wsFrame.decode(frame);","          //Prepend any existing decoded data","          if (data) {","            if (result.data) {","              var newData = new Buffer(data.length + result.data.length);","              data.copy(newData);","              result.data.copy(newData, data.length);","              result.data = newData;","            } else {","              result.data = data;","            }","            data = null;","          }","          //If this completes a message process it","          if (result.FIN) {","            processWS(result.data, socket, svc, result.binEncoding);","          } else {","            data = result.data;","          }","          //Prepare next frame for decoding (if any)","          frame = result.nextFrame;","        }","      } catch(e) {","        console.log(\"TWebSocketTransport Exception: \" + e);","        socket.destroy();","      }","    });","  });","","  //Return the server","  return server;","};","","","","","","",""],"l":{"19":1,"20":1,"21":1,"22":1,"23":1,"24":1,"26":1,"28":1,"29":1,"30":1,"76":1,"85":0,"87":0,"90":0,"91":0,"92":0,"93":0,"94":0,"95":0,"96":0,"98":0,"99":0,"100":0,"101":0,"104":0,"105":0,"106":0,"109":0,"110":0,"111":0,"113":0,"138":0,"147":0,"148":0,"150":0,"152":0,"153":0,"154":0,"155":0,"156":0,"157":0,"158":0,"159":0,"160":0,"163":0,"164":0,"165":0,"166":0,"169":0,"170":0,"171":0,"172":0,"175":0,"176":0,"177":0,"180":0,"181":0,"184":0,"194":0,"195":0,"196":0,"197":0,"207":0,"208":0,"209":0,"210":0,"211":0,"213":0,"274":1,"275":0,"276":0,"291":0,"292":0,"293":0,"296":0,"298":0,"304":0,"309":0,"310":0,"312":0,"315":0,"316":0,"320":1,"321":0,"322":0,"324":0,"325":0,"326":0,"327":0,"328":0,"331":0,"335":0,"341":1,"342":0,"343":0,"345":0,"347":0,"353":1,"355":0,"356":0,"357":0,"358":0,"359":0,"360":0,"364":0,"365":0,"366":0,"367":0,"371":0,"372":0,"373":0,"374":0,"375":0,"376":0,"378":0,"379":0,"383":0,"384":0,"385":0,"387":0,"388":0,"390":0,"391":0,"400":1,"402":0,"403":0,"404":0,"405":0,"409":0,"410":0,"411":0,"412":0,"416":0,"417":0,"418":0,"419":0,"420":0,"421":0,"422":0,"425":0,"426":0,"429":0,"430":0,"431":0,"432":0,"433":0,"435":0,"436":0,"437":0,"438":0,"440":0,"441":0,"443":0,"444":0,"445":0,"453":1,"454":0,"455":0,"456":0,"457":0,"458":0,"459":0,"465":0,"466":0,"467":0,"470":0,"471":0,"481":0,"482":0,"483":0,"485":0,"492":0,"493":0,"494":0,"495":0,"496":0,"497":0,"498":0,"500":0,"501":0,"505":0,"506":0,"507":0,"509":0,"510":0,"513":0,"514":0,"515":0,"523":0,"524":0,"525":0,"526":0,"527":0,"529":0,"530":0,"531":0,"532":0,"533":0,"534":0,"536":0,"538":0,"541":0,"542":0,"544":0,"547":0,"550":0,"551":0,"557":0}},"/home/travis/build/npmtest/node-npmtest-thrift/node_modules/thrift/lib/nodejs/lib/thrift/multiplexed_processor.js":{"path":"/home/travis/build/npmtest/node-npmtest-thrift/node_modules/thrift/lib/nodejs/lib/thrift/multiplexed_processor.js","s":{"1":1,"2":1,"3":1,"4":0,"5":1,"6":0,"7":1,"8":0,"9":0,"10":0,"11":0,"12":0,"13":0,"14":0,"15":0,"16":0,"17":0,"18":0,"19":0,"20":0,"21":0},"b":{"1":[0,0],"2":[0,0],"3":[0,0]},"f":{"1":0,"2":0,"3":0,"4":0},"fnMap":{"1":{"name":"MultiplexedProcessor","line":23,"loc":{"start":{"line":23,"column":0},"end":{"line":23,"column":47}}},"2":{"name":"(anonymous_2)","line":27,"loc":{"start":{"line":27,"column":51},"end":{"line":27,"column":75}}},"3":{"name":"(anonymous_3)","line":31,"loc":{"start":{"line":31,"column":41},"end":{"line":31,"column":60}}},"4":{"name":"(anonymous_4)","line":54,"loc":{"start":{"line":54,"column":30},"end":{"line":54,"column":41}}}},"statementMap":{"1":{"start":{"line":19,"column":0},"end":{"line":19,"column":33}},"2":{"start":{"line":21,"column":0},"end":{"line":21,"column":52}},"3":{"start":{"line":23,"column":0},"end":{"line":25,"column":1}},"4":{"start":{"line":24,"column":2},"end":{"line":24,"column":21}},"5":{"start":{"line":27,"column":0},"end":{"line":29,"column":2}},"6":{"start":{"line":28,"column":2},"end":{"line":28,"column":32}},"7":{"start":{"line":31,"column":0},"end":{"line":63,"column":2}},"8":{"start":{"line":32,"column":2},"end":{"line":32,"column":37}},"9":{"start":{"line":34,"column":2},"end":{"line":36,"column":3}},"10":{"start":{"line":35,"column":4},"end":{"line":35,"column":82}},"11":{"start":{"line":38,"column":2},"end":{"line":38,"column":33}},"12":{"start":{"line":39,"column":2},"end":{"line":39,"column":19}},"13":{"start":{"line":40,"column":2},"end":{"line":40,"column":19}},"14":{"start":{"line":42,"column":2},"end":{"line":44,"column":3}},"15":{"start":{"line":43,"column":4},"end":{"line":43,"column":84}},"16":{"start":{"line":48,"column":2},"end":{"line":48,"column":20}},"17":{"start":{"line":50,"column":2},"end":{"line":52,"column":3}},"18":{"start":{"line":51,"column":4},"end":{"line":51,"column":31}},"19":{"start":{"line":54,"column":2},"end":{"line":60,"column":4}},"20":{"start":{"line":55,"column":4},"end":{"line":59,"column":6}},"21":{"start":{"line":62,"column":2},"end":{"line":62,"column":46}}},"branchMap":{"1":{"line":34,"type":"if","locations":[{"start":{"line":34,"column":2},"end":{"line":34,"column":2}},{"start":{"line":34,"column":2},"end":{"line":34,"column":2}}]},"2":{"line":34,"type":"binary-expr","locations":[{"start":{"line":34,"column":6},"end":{"line":34,"column":44}},{"start":{"line":34,"column":48},"end":{"line":34,"column":88}}]},"3":{"line":42,"type":"if","locations":[{"start":{"line":42,"column":2},"end":{"line":42,"column":2}},{"start":{"line":42,"column":2},"end":{"line":42,"column":2}}]}},"code":["/*"," * Licensed to the Apache Software Foundation (ASF) under one"," * or more contributor license agreements. See the NOTICE file"," * distributed with this work for additional information"," * regarding copyright ownership. The ASF licenses this file"," * to you under the Apache License, Version 2.0 (the"," * \"License\"); you may not use this file except in compliance"," * with the License. You may obtain a copy of the License at"," *"," *   http://www.apache.org/licenses/LICENSE-2.0"," *"," * Unless required by applicable law or agreed to in writing,"," * software distributed under the License is distributed on an"," * \"AS IS\" BASIS, WITHOUT WARRANTIES OR CONDITIONS OF ANY"," * KIND, either express or implied. See the License for the"," * specific language governing permissions and limitations"," * under the License."," */","var Thrift = require('./thrift');","","exports.MultiplexedProcessor = MultiplexedProcessor;","","function MultiplexedProcessor(stream, options) {","  this.services = {};","};","","MultiplexedProcessor.prototype.registerProcessor = function(name, handler) {","  this.services[name] = handler;","};","","MultiplexedProcessor.prototype.process = function(inp, out) {","  var begin = inp.readMessageBegin();","","  if (begin.mtype != Thrift.MessageType.CALL && begin.mtype != Thrift.MessageType.ONEWAY) {","    throw new Thrift.TException('TMultiplexedProcessor: Unexpected message type');","  }","","  var p = begin.fname.split(':');","  var sname = p[0];","  var fname = p[1];","","  if (! (sname in this.services)) {","    throw new Thrift.TException('TMultiplexedProcessor: Unknown service: ' + sname);","  }","","  //construct a proxy object which stubs the readMessageBegin","  //for the service","  var inpProxy = {};","","  for (var attr in inp) {","    inpProxy[attr] = inp[attr];","  }","","  inpProxy.readMessageBegin = function() {","    return {","      fname: fname,","      mtype: begin.mtype,","      rseqid: begin.rseqid","    };","  };","","  this.services[sname].process(inpProxy, out);","};",""],"l":{"19":1,"21":1,"23":1,"24":0,"27":1,"28":0,"31":1,"32":0,"34":0,"35":0,"38":0,"39":0,"40":0,"42":0,"43":0,"48":0,"50":0,"51":0,"54":0,"55":0,"62":0}},"/home/travis/build/npmtest/node-npmtest-thrift/node_modules/thrift/lib/nodejs/lib/thrift/multiplexed_protocol.js":{"path":"/home/travis/build/npmtest/node-npmtest-thrift/node_modules/thrift/lib/nodejs/lib/thrift/multiplexed_protocol.js","s":{"1":1,"2":1,"3":1,"4":1,"5":1,"6":0,"7":0,"8":0,"9":0,"10":0,"11":0,"12":0,"13":0,"14":1,"15":0,"16":1,"17":0,"18":0,"19":0,"20":0,"21":0,"22":0,"23":0,"24":0,"25":0,"26":0,"27":0,"28":0,"29":0,"30":0,"31":0},"b":{"1":[0,0],"2":[0,0],"3":[0,0],"4":[0,0]},"f":{"1":0,"2":0,"3":0,"4":0,"5":0,"6":0,"7":0},"fnMap":{"1":{"name":"Wrapper","line":24,"loc":{"start":{"line":24,"column":0},"end":{"line":24,"column":52}}},"2":{"name":"MultiplexProtocol","line":26,"loc":{"start":{"line":26,"column":2},"end":{"line":26,"column":61}}},"3":{"name":"(anonymous_3)","line":32,"loc":{"start":{"line":32,"column":50},"end":{"line":32,"column":78}}},"4":{"name":"Multiplexer","line":47,"loc":{"start":{"line":47,"column":0},"end":{"line":47,"column":23}}},"5":{"name":"(anonymous_5)","line":51,"loc":{"start":{"line":51,"column":37},"end":{"line":51,"column":86}}},"6":{"name":"(anonymous_6)","line":56,"loc":{"start":{"line":56,"column":38},"end":{"line":56,"column":49}}},"7":{"name":"(anonymous_7)","line":60,"loc":{"start":{"line":60,"column":16},"end":{"line":60,"column":37}}}},"statementMap":{"1":{"start":{"line":19,"column":0},"end":{"line":19,"column":27}},"2":{"start":{"line":20,"column":0},"end":{"line":20,"column":33}},"3":{"start":{"line":22,"column":0},"end":{"line":22,"column":34}},"4":{"start":{"line":24,"column":0},"end":{"line":45,"column":1}},"5":{"start":{"line":26,"column":2},"end":{"line":28,"column":3}},"6":{"start":{"line":27,"column":4},"end":{"line":27,"column":56}},"7":{"start":{"line":30,"column":2},"end":{"line":30,"column":45}},"8":{"start":{"line":32,"column":2},"end":{"line":42,"column":4}},"9":{"start":{"line":33,"column":4},"end":{"line":41,"column":5}},"10":{"start":{"line":34,"column":6},"end":{"line":34,"column":52}},"11":{"start":{"line":35,"column":6},"end":{"line":38,"column":71}},"12":{"start":{"line":40,"column":6},"end":{"line":40,"column":89}},"13":{"start":{"line":44,"column":2},"end":{"line":44,"column":27}},"14":{"start":{"line":47,"column":0},"end":{"line":49,"column":1}},"15":{"start":{"line":48,"column":2},"end":{"line":48,"column":17}},"16":{"start":{"line":51,"column":0},"end":{"line":73,"column":2}},"17":{"start":{"line":52,"column":2},"end":{"line":54,"column":3}},"18":{"start":{"line":53,"column":4},"end":{"line":53,"column":41}},"19":{"start":{"line":55,"column":2},"end":{"line":55,"column":18}},"20":{"start":{"line":56,"column":2},"end":{"line":59,"column":4}},"21":{"start":{"line":57,"column":4},"end":{"line":57,"column":20}},"22":{"start":{"line":58,"column":4},"end":{"line":58,"column":22}},"23":{"start":{"line":60,"column":2},"end":{"line":62,"column":4}},"24":{"start":{"line":61,"column":4},"end":{"line":61,"column":32}},"25":{"start":{"line":63,"column":2},"end":{"line":63,"column":63}},"26":{"start":{"line":64,"column":2},"end":{"line":64,"column":82}},"27":{"start":{"line":65,"column":2},"end":{"line":65,"column":61}},"28":{"start":{"line":67,"column":2},"end":{"line":69,"column":3}},"29":{"start":{"line":68,"column":4},"end":{"line":68,"column":27}},"30":{"start":{"line":70,"column":2},"end":{"line":70,"column":42}},"31":{"start":{"line":72,"column":2},"end":{"line":72,"column":16}}},"branchMap":{"1":{"line":33,"type":"if","locations":[{"start":{"line":33,"column":4},"end":{"line":33,"column":4}},{"start":{"line":33,"column":4},"end":{"line":33,"column":4}}]},"2":{"line":33,"type":"binary-expr","locations":[{"start":{"line":33,"column":8},"end":{"line":33,"column":39}},{"start":{"line":33,"column":43},"end":{"line":33,"column":76}}]},"3":{"line":52,"type":"if","locations":[{"start":{"line":52,"column":2},"end":{"line":52,"column":2}},{"start":{"line":52,"column":2},"end":{"line":52,"column":2}}]},"4":{"line":67,"type":"if","locations":[{"start":{"line":67,"column":2},"end":{"line":67,"column":2}},{"start":{"line":67,"column":2},"end":{"line":67,"column":2}}]}},"code":["/*"," * Licensed to the Apache Software Foundation (ASF) under one"," * or more contributor license agreements. See the NOTICE file"," * distributed with this work for additional information"," * regarding copyright ownership. The ASF licenses this file"," * to you under the Apache License, Version 2.0 (the"," * \"License\"); you may not use this file except in compliance"," * with the License. You may obtain a copy of the License at"," *"," *   http://www.apache.org/licenses/LICENSE-2.0"," *"," * Unless required by applicable law or agreed to in writing,"," * software distributed under the License is distributed on an"," * \"AS IS\" BASIS, WITHOUT WARRANTIES OR CONDITIONS OF ANY"," * KIND, either express or implied. See the License for the"," * specific language governing permissions and limitations"," * under the License."," */","var util = require('util');","var Thrift = require('./thrift');","","exports.Multiplexer = Multiplexer;","","function Wrapper(serviceName, protocol, connection) {","","  function MultiplexProtocol(trans, strictRead, strictWrite) {","    protocol.call(this, trans, strictRead, strictWrite);","  };","","  util.inherits(MultiplexProtocol, protocol);","","  MultiplexProtocol.prototype.writeMessageBegin = function(name, type, seqid) {","    if (type == Thrift.MessageType.CALL || type == Thrift.MessageType.ONEWAY) {","      connection.seqId2Service[seqid] = serviceName;","      MultiplexProtocol.super_.prototype.writeMessageBegin.call(this,","                                                                serviceName + \":\" + name,","                                                                type,","                                                                seqid);","    } else {","      MultiplexProtocol.super_.prototype.writeMessageBegin.call(this, name, type, seqid);","    }","  };","","  return MultiplexProtocol;","};","","function Multiplexer() {","  this.seqid = 0;","};","","Multiplexer.prototype.createClient = function(serviceName, ServiceClient, connection) {","  if (ServiceClient.Client) {","    ServiceClient = ServiceClient.Client;","  }","  var self = this;","  ServiceClient.prototype.new_seqid = function() {","    self.seqid += 1;","    return self.seqid;","  };","  var writeCb = function(buf, seqid) {","    connection.write(buf,seqid);","  };","  var transport = new connection.transport(undefined, writeCb);","  var protocolWrapper = new Wrapper(serviceName, connection.protocol, connection);","  var client = new ServiceClient(transport, protocolWrapper);","","  if (typeof connection.client !== 'object') {","    connection.client = {};","  }","  connection.client[serviceName] = client;","","  return client;","};",""],"l":{"19":1,"20":1,"22":1,"24":1,"26":1,"27":0,"30":0,"32":0,"33":0,"34":0,"35":0,"40":0,"44":0,"47":1,"48":0,"51":1,"52":0,"53":0,"55":0,"56":0,"57":0,"58":0,"60":0,"61":0,"63":0,"64":0,"65":0,"67":0,"68":0,"70":0,"72":0}}}